{"logLevel":"debug","message":"multithreading is set to false"}
{"logLevel":"debug","message":"Using reflection to scan dependencies for gauge implementations..."}
SLF4J: Class path contains multiple SLF4J bindings.
SLF4J: Found binding in [jar:file:/C:/Users/burak/.m2/repository/ch/qos/logback/logback-classic/1.0.13/logback-classic-1.0.13.jar!/org/slf4j/impl/StaticLoggerBinder.class]
SLF4J: Found binding in [jar:file:/C:/Users/burak/.m2/repository/org/slf4j/slf4j-log4j12/1.7.25/slf4j-log4j12-1.7.25.jar!/org/slf4j/impl/StaticLoggerBinder.class]
SLF4J: See http://www.slf4j.org/codes.html#multiple_bindings for an explanation.
SLF4J: Actual binding is of type [ch.qos.logback.classic.util.ContextSelectorStaticBinder]
21:33:40.665 [main] DEBUG i.g.n.s.i.n.u.i.l.InternalLoggerFactory - Using SLF4J as the default logging framework
21:33:40.671 [main] DEBUG i.g.n.s.i.n.u.i.PlatformDependent - Platform: Windows
21:33:40.671 [pool-1-thread-1] DEBUG org.reflections.Reflections - going to scan these urls:
file:/C:/Users/burak/.m2/repository/org/apache/httpcomponents/httpcore/4.4.13/httpcore-4.4.13.jar
file:/C:/Program%20Files/Java/jdk1.8.0_271/jre/lib/ext/sunjce_provider.jar
file:/C:/Users/burak/.m2/repository/org/sonatype/sisu/sisu-guice/2.1.7/sisu-guice-2.1.7-noaop.jar
file:/C:/Users/burak/.m2/repository/org/apache-extras/beanshell/bsh/2.0b6/bsh-2.0b6.jar
file:/C:/Program%20Files/Java/jdk1.8.0_271/jre/lib/ext/localedata.jar
file:/C:/Program%20Files/Java/jdk1.8.0_271/jre/lib/jfxswt.jar
file:/C:/Users/burak/.m2/repository/commons-logging/commons-logging/1.2/commons-logging-1.2.jar
file:/C:/Users/burak/.m2/repository/org/slf4j/slf4j-log4j12/1.7.25/slf4j-log4j12-1.7.25.jar
file:/C:/Users/burak/.m2/repository/org/mongodb/mongodb-driver-core/3.0.4/mongodb-driver-core-3.0.4.jar
file:/C:/Users/burak/.m2/repository/io/rest-assured/rest-assured/4.4.0/rest-assured-4.4.0.jar
file:/C:/Users/burak/.m2/repository/com/google/j2objc/j2objc-annotations/1.3/j2objc-annotations-1.3.jar
file:/C:/Users/burak/.m2/repository/org/freemarker/freemarker/2.3.23/freemarker-2.3.23.jar
file:/C:/Users/burak/.m2/repository/org/sonatype/sisu/sisu-inject-plexus/1.4.2/sisu-inject-plexus-1.4.2.jar
file:/C:/Program%20Files/Java/jdk1.8.0_271/jre/lib/ext/jfxrt.jar
file:/C:/Users/burak/.m2/repository/org/codehaus/groovy/groovy-xml/3.0.8/groovy-xml-3.0.8.jar
file:/C:/Program%20Files/Java/jdk1.8.0_271/jre/lib/rt.jar
file:/C:/Users/burak/.m2/repository/org/sonatype/aether/aether-util/1.7/aether-util-1.7.jar
file:/C:/Users/burak/.m2/repository/commons-lang/commons-lang/2.6/commons-lang-2.6.jar
file:/C:/Users/burak/.m2/repository/org/apache/httpcomponents/httpmime/4.5.13/httpmime-4.5.13.jar
file:/C:/Users/burak/.m2/repository/com/relevantcodes/extentreports/2.41.2/extentreports-2.41.2.jar
file:/C:/Program%20Files/Java/jdk1.8.0_271/jre/lib/resources.jar
file:/C:/Users/burak/.m2/repository/org/apache/maven/maven-settings/3.0/maven-settings-3.0.jar
file:/C:/Users/burak/.m2/repository/org/codehaus/mojo/animal-sniffer-annotations/1.19/animal-sniffer-annotations-1.19.jar
file:/C:/Users/burak/.m2/repository/org/apache/maven/maven-plugin-api/3.0/maven-plugin-api-3.0.jar
file:/C:/Users/burak/.m2/repository/jakarta/xml/bind/jakarta.xml.bind-api/2.3.3/jakarta.xml.bind-api-2.3.3.jar
file:/C:/Users/burak/.m2/repository/org/seleniumhq/selenium/selenium-firefox-driver/3.141.59/selenium-firefox-driver-3.141.59.jar
file:/C:/Users/burak/.m2/repository/org/slf4j/slf4j-api/1.7.25/slf4j-api-1.7.25.jar
file:/C:/Users/burak/.m2/repository/org/codehaus/groovy/groovy-json/3.0.8/groovy-json-3.0.8.jar
file:/C:/Users/burak/.m2/repository/com/thoughtworks/gauge/gauge-java/0.7.15/gauge-java-0.7.15.jar
file:/C:/Users/burak/.m2/repository/org/sonatype/aether/aether-impl/1.7/aether-impl-1.7.jar
file:/C:/Users/burak/.m2/repository/org/apache/httpcomponents/httpclient/4.5.13/httpclient-4.5.13.jar
file:/C:/Users/burak/IdeaProjects/HBProject/target/test-classes/
file:/C:/Users/burak/.m2/repository/org/mongodb/bson/3.0.4/bson-3.0.4.jar
file:/C:/Program%20Files/Java/jdk1.8.0_271/jre/lib/ext/dnsns.jar
file:/C:/Users/burak/.m2/repository/com/google/code/findbugs/jsr305/3.0.2/jsr305-3.0.2.jar
file:/C:/Users/burak/.m2/repository/org/codehaus/plexus/plexus-component-annotations/1.5.5/plexus-component-annotations-1.5.5.jar
file:/C:/Users/burak/.m2/repository/org/apache/maven/maven-model/3.0/maven-model-3.0.jar
file:/C:/Users/burak/.m2/repository/org/apache/maven/maven-core/3.0/maven-core-3.0.jar
file:/C:/Program%20Files/Java/jdk1.8.0_271/jre/lib/deploy.jar
file:/C:/Users/burak/.m2/repository/ch/qos/logback/logback-classic/1.0.13/logback-classic-1.0.13.jar
file:/C:/Program%20Files/Java/jdk1.8.0_271/jre/lib/plugin.jar
file:/C:/Users/burak/.m2/repository/com/sun/xml/bind/jaxb-impl/2.3.3/jaxb-impl-2.3.3.jar
file:/C:/Users/burak/.m2/repository/com/googlecode/json-simple/json-simple/1.1.1/json-simple-1.1.1.jar
file:/C:/Users/burak/.m2/repository/com/google/protobuf/protobuf-java/3.15.8/protobuf-java-3.15.8.jar
file:/C:/Users/burak/.m2/repository/io/grpc/grpc-protobuf/1.37.0/grpc-protobuf-1.37.0.jar
file:/C:/Program%20Files/Java/jdk1.8.0_271/jre/lib/ext/nashorn.jar
file:/C:/Users/burak/.m2/repository/org/sonatype/plexus/plexus-cipher/1.4/plexus-cipher-1.4.jar
file:/C:/Users/burak/.m2/repository/io/grpc/grpc-api/1.37.0/grpc-api-1.37.0.jar
file:/C:/Users/burak/.m2/repository/org/apache/commons/commons-lang3/3.3/commons-lang3-3.3.jar
file:/C:/Program%20Files/Java/jdk1.8.0_271/jre/lib/jfr.jar
file:/C:/Users/burak/.m2/repository/javax/annotation/javax.annotation-api/1.3.2/javax.annotation-api-1.3.2.jar
file:/C:/Users/burak/.m2/repository/org/codehaus/groovy/groovy/3.0.8/groovy-3.0.8.jar
file:/C:/Users/burak/.m2/repository/org/hamcrest/hamcrest/2.1/hamcrest-2.1.jar
file:/C:/Users/burak/.m2/repository/org/assertj/assertj-core/3.19.0/assertj-core-3.19.0.jar
file:/C:/Users/burak/.m2/repository/com/google/guava/guava/30.1.1-jre/guava-30.1.1-jre.jar
file:/C:/Users/burak/.m2/repository/commons-io/commons-io/2.6/commons-io-2.6.jar
file:/C:/Users/burak/.m2/repository/org/apache/poi/poi/3.17/poi-3.17.jar
file:/C:/Users/burak/.m2/repository/com/google/code/gson/gson/2.8.6/gson-2.8.6.jar
file:/C:/Users/burak/.m2/repository/io/grpc/grpc-context/1.37.0/grpc-context-1.37.0.jar
file:/C:/Program%20Files/Java/jdk1.8.0_271/jre/lib/ext/jaccess.jar
file:/C:/Users/burak/.m2/repository/org/seleniumhq/selenium/selenium-safari-driver/3.141.59/selenium-safari-driver-3.141.59.jar
file:/C:/Users/burak/.m2/repository/org/apache/maven/maven-artifact/3.0/maven-artifact-3.0.jar
file:/C:/Users/burak/.m2/repository/com/github/javaparser/javaparser-core/3.16.3/javaparser-core-3.16.3.jar
file:/C:/Users/burak/.m2/repository/org/sonatype/aether/aether-spi/1.7/aether-spi-1.7.jar
file:/C:/Users/burak/.m2/repository/org/sonatype/sisu/sisu-inject-bean/1.4.2/sisu-inject-bean-1.4.2.jar
file:/C:/Users/burak/.m2/repository/io/rest-assured/json-path/4.4.0/json-path-4.4.0.jar
file:/C:/Users/burak/.m2/repository/org/json/json/20180813/json-20180813.jar
file:/C:/Program%20Files/Java/jdk1.8.0_271/jre/lib/jsse.jar
file:/C:/Users/burak/.m2/repository/org/seleniumhq/selenium/selenium-chrome-driver/3.141.59/selenium-chrome-driver-3.141.59.jar
file:/C:/Users/burak/.m2/repository/io/grpc/grpc-protobuf-lite/1.37.0/grpc-protobuf-lite-1.37.0.jar
file:/C:/Users/burak/.m2/repository/org/sonatype/plexus/plexus-sec-dispatcher/1.3/plexus-sec-dispatcher-1.3.jar
file:/C:/Users/burak/.m2/repository/io/perfmark/perfmark-api/0.23.0/perfmark-api-0.23.0.jar
file:/C:/Users/burak/.m2/repository/org/apache/commons/commons-exec/1.3/commons-exec-1.3.jar
file:/C:/Program%20Files/Java/jdk1.8.0_271/jre/lib/ext/sunec.jar
file:/C:/Program%20Files/Java/jdk1.8.0_271/jre/lib/jce.jar
file:/C:/Users/burak/.m2/repository/org/xerial/sqlite-jdbc/3.8.11.1/sqlite-jdbc-3.8.11.1.jar
file:/C:/Users/burak/.m2/repository/jakarta/activation/jakarta.activation-api/1.2.2/jakarta.activation-api-1.2.2.jar
file:/C:/Users/burak/.m2/repository/org/checkerframework/checker-qual/3.8.0/checker-qual-3.8.0.jar
file:/C:/Users/burak/.m2/repository/org/seleniumhq/selenium/selenium-remote-driver/3.141.59/selenium-remote-driver-3.141.59.jar
file:/C:/Users/burak/.m2/repository/com/google/guava/failureaccess/1.0.1/failureaccess-1.0.1.jar
file:/C:/Users/burak/.m2/repository/ch/qos/logback/logback-core/1.0.13/logback-core-1.0.13.jar
file:/C:/Program%20Files/Java/jdk1.8.0_271/jre/lib/javaws.jar
file:/C:/Users/burak/.m2/repository/io/grpc/grpc-stub/1.37.0/grpc-stub-1.37.0.jar
file:/C:/Program%20Files/Java/jdk1.8.0_271/jre/lib/ext/zipfs.jar
file:/C:/Users/burak/.m2/repository/net/bytebuddy/byte-buddy/1.8.15/byte-buddy-1.8.15.jar
file:/C:/Users/burak/.m2/repository/org/apache/commons/commons-collections4/4.1/commons-collections4-4.1.jar
file:/C:/Users/burak/.m2/repository/io/rest-assured/rest-assured-common/4.4.0/rest-assured-common-4.4.0.jar
file:/C:/Users/burak/.m2/repository/com/thoughtworks/gauge/maven/gauge-maven-plugin/1.3.1/gauge-maven-plugin-1.3.1.jar
file:/C:/Users/burak/.m2/repository/com/squareup/okhttp3/okhttp/3.11.0/okhttp-3.11.0.jar
file:/C:/Users/burak/.m2/repository/io/rest-assured/xml-path/4.4.0/xml-path-4.4.0.jar
file:/C:/Users/burak/.m2/repository/com/google/api/grpc/proto-google-common-protos/2.0.1/proto-google-common-protos-2.0.1.jar
file:/C:/Users/burak/.m2/repository/log4j/log4j/1.2.17/log4j-1.2.17.jar
file:/C:/Program%20Files/Java/jdk1.8.0_271/jre/lib/ext/cldrdata.jar
file:/C:/Users/burak/.m2/repository/org/apache/maven/maven-aether-provider/3.0/maven-aether-provider-3.0.jar
file:/C:/Users/burak/.m2/repository/org/seleniumhq/selenium/selenium-edge-driver/3.141.59/selenium-edge-driver-3.141.59.jar
file:/C:/Users/burak/.m2/repository/com/beust/jcommander/1.72/jcommander-1.72.jar
file:/C:/Users/burak/.m2/repository/org/codehaus/plexus/plexus-classworlds/2.2.3/plexus-classworlds-2.2.3.jar
file:/C:/Users/burak/.m2/repository/org/jsoup/jsoup/1.8.3/jsoup-1.8.3.jar
file:/C:/Users/burak/.m2/repository/commons-codec/commons-codec/1.10/commons-codec-1.10.jar
file:/C:/Program%20Files/Java/jdk1.8.0_271/jre/lib/ext/access-bridge-64.jar
file:/C:/Users/burak/.m2/repository/org/codehaus/plexus/plexus-utils/2.0.4/plexus-utils-2.0.4.jar
file:/C:/Users/burak/.m2/repository/net/sourceforge/jexcelapi/jxl/2.6.12/jxl-2.6.12.jar
file:/C:/Users/burak/.m2/repository/org/apache/maven/maven-settings-builder/3.0/maven-settings-builder-3.0.jar
file:/C:/Program%20Files/Java/jdk1.8.0_271/jre/lib/charsets.jar
file:/C:/Users/burak/.m2/repository/org/mongodb/mongodb-driver/3.0.4/mongodb-driver-3.0.4.jar
file:/C:/Users/burak/IdeaProjects/HBProject/target/classes/
file:/C:/Users/burak/.m2/repository/org/ccil/cowan/tagsoup/tagsoup/1.2.1/tagsoup-1.2.1.jar
file:/C:/Users/burak/.m2/repository/org/apache/maven/maven-model-builder/3.0/maven-model-builder-3.0.jar
file:/C:/Users/burak/.m2/repository/org/codehaus/plexus/plexus-interpolation/1.14/plexus-interpolation-1.14.jar
file:/C:/Program%20Files/Java/jdk1.8.0_271/jre/lib/ext/sunmscapi.jar
file:/C:/Users/burak/.m2/repository/io/grpc/grpc-core/1.37.0/grpc-core-1.37.0.jar
file:/C:/Users/burak/.m2/repository/com/squareup/okio/okio/1.14.0/okio-1.14.0.jar
file:/C:/Users/burak/.m2/repository/org/javassist/javassist/3.18.2-GA/javassist-3.18.2-GA.jar
file:/C:/Users/burak/.m2/repository/com/google/code/findbugs/annotations/2.0.1/annotations-2.0.1.jar
file:/C:/Users/burak/.m2/repository/org/apache/maven/maven-repository-metadata/3.0/maven-repository-metadata-3.0.jar
file:/C:/Users/burak/.m2/repository/org/seleniumhq/selenium/selenium-opera-driver/3.141.59/selenium-opera-driver-3.141.59.jar
file:/C:/Users/burak/.m2/repository/org/seleniumhq/selenium/selenium-ie-driver/3.141.59/selenium-ie-driver-3.141.59.jar
file:/C:/Users/burak/.m2/repository/com/google/errorprone/error_prone_annotations/2.5.1/error_prone_annotations-2.5.1.jar
file:/C:/Users/burak/.m2/repository/com/google/guava/listenablefuture/9999.0-empty-to-avoid-conflict-with-guava/listenablefuture-9999.0-empty-to-avoid-conflict-with-guava.jar
file:/C:/Users/burak/.m2/repository/org/seleniumhq/selenium/selenium-java/3.141.59/selenium-java-3.141.59.jar
file:/C:/Users/burak/.m2/repository/org/sonatype/aether/aether-api/1.7/aether-api-1.7.jar
file:/C:/Users/burak/.m2/repository/org/seleniumhq/selenium/selenium-support/3.141.59/selenium-support-3.141.59.jar
file:/C:/Users/burak/.m2/repository/com/google/android/annotations/4.1.1.4/annotations-4.1.1.4.jar
file:/C:/Users/burak/.m2/repository/org/hamcrest/hamcrest-core/1.1/hamcrest-core-1.1.jar
file:/C:/Users/burak/.m2/repository/org/reflections/reflections/0.9.9/reflections-0.9.9.jar
file:/C:/Program%20Files/Java/jdk1.8.0_271/jre/lib/management-agent.jar
file:/C:/Users/burak/.m2/repository/org/testng/testng/6.14.2/testng-6.14.2.jar
file:/C:/Users/burak/.m2/repository/junit/junit/4.10/junit-4.10.jar
file:/C:/Program%20Files/Java/jdk1.8.0_271/jre/lib/ext/sunpkcs11.jar
file:/C:/Users/burak/.m2/repository/io/grpc/grpc-netty-shaded/1.37.0/grpc-netty-shaded-1.37.0.jar
file:/C:/Users/burak/.m2/repository/org/seleniumhq/selenium/selenium-api/3.141.59/selenium-api-3.141.59.jar
21:33:40.673 [main] DEBUG i.g.n.s.i.n.u.i.PlatformDependent0 - -Dio.netty.noUnsafe: false
21:33:40.673 [main] DEBUG i.g.n.s.i.n.u.i.PlatformDependent0 - Java version: 8
21:33:40.674 [main] DEBUG i.g.n.s.i.n.u.i.PlatformDependent0 - sun.misc.Unsafe.theUnsafe: available
21:33:40.675 [main] DEBUG i.g.n.s.i.n.u.i.PlatformDependent0 - sun.misc.Unsafe.copyMemory: available
21:33:40.676 [main] DEBUG i.g.n.s.i.n.u.i.PlatformDependent0 - java.nio.Buffer.address: available
21:33:40.677 [main] DEBUG i.g.n.s.i.n.u.i.PlatformDependent0 - direct buffer constructor: available
21:33:40.679 [main] DEBUG i.g.n.s.i.n.u.i.PlatformDependent0 - java.nio.Bits.unaligned: available, true
21:33:40.679 [main] DEBUG i.g.n.s.i.n.u.i.PlatformDependent0 - jdk.internal.misc.Unsafe.allocateUninitializedArray(int): unavailable prior to Java9
21:33:40.679 [main] DEBUG i.g.n.s.i.n.u.i.PlatformDependent0 - java.nio.DirectByteBuffer.<init>(long, int): available
21:33:40.679 [main] DEBUG i.g.n.s.i.n.u.i.PlatformDependent - sun.misc.Unsafe: available
21:33:40.680 [main] DEBUG i.g.n.s.i.n.u.i.PlatformDependent - -Dio.netty.tmpdir: C:\Users\burak\AppData\Local\Temp (java.io.tmpdir)
21:33:40.680 [main] DEBUG i.g.n.s.i.n.u.i.PlatformDependent - -Dio.netty.bitMode: 64 (sun.arch.data.model)
21:33:40.683 [main] DEBUG i.g.n.s.i.n.u.i.PlatformDependent - -Dio.netty.maxDirectMemory: 4267180032 bytes
21:33:40.683 [main] DEBUG i.g.n.s.i.n.u.i.PlatformDependent - -Dio.netty.uninitializedArrayAllocationThreshold: -1
21:33:40.685 [main] DEBUG i.g.n.s.i.n.u.internal.CleanerJava6 - java.nio.ByteBuffer.cleaner(): available
21:33:40.685 [main] DEBUG i.g.n.s.i.n.u.i.PlatformDependent - -Dio.netty.noPreferDirect: false
21:33:41.372 [main] DEBUG i.g.n.s.i.n.c.MultithreadEventLoopGroup - -Dio.netty.eventLoopThreads: 16
21:33:41.404 [main] DEBUG i.g.n.s.i.n.u.i.InternalThreadLocalMap - -Dio.netty.threadLocalMap.stringBuilder.initialSize: 1024
21:33:41.404 [main] DEBUG i.g.n.s.i.n.u.i.InternalThreadLocalMap - -Dio.netty.threadLocalMap.stringBuilder.maxSize: 4096
21:33:41.417 [main] DEBUG i.g.n.s.i.n.channel.nio.NioEventLoop - -Dio.netty.noKeySetOptimization: false
21:33:41.417 [main] DEBUG i.g.n.s.i.n.channel.nio.NioEventLoop - -Dio.netty.selectorAutoRebuildThreshold: 512
21:33:41.447 [main] DEBUG i.g.n.s.i.n.u.i.PlatformDependent - org.jctools-core.MpscChunkedArrayQueue: available
{"logLevel":"debug","message":"gauge-java took 1800milliseconds to load and scan. This should be less than 'runner_connection_timeout' config value."}
{"logLevel":"debug","message":"run 'gauge config runner_connection_timeout' and verify that it is < 1800"}
{"logLevel":"debug","message":"starting gRPC server..."}
21:33:41.532 [main] DEBUG i.g.n.s.i.n.u.ResourceLeakDetector - -Dio.grpc.netty.shaded.io.netty.leakDetection.level: sımple
21:33:41.532 [main] DEBUG i.g.n.s.i.n.u.ResourceLeakDetector - -Dio.grpc.netty.shaded.io.netty.leakDetection.targetRecords: 4
21:33:41.534 [main] DEBUG i.g.n.s.i.n.b.PooledByteBufAllocator - -Dio.netty.allocator.numHeapArenas: 16
21:33:41.534 [main] DEBUG i.g.n.s.i.n.b.PooledByteBufAllocator - -Dio.netty.allocator.numDirectArenas: 16
21:33:41.534 [main] DEBUG i.g.n.s.i.n.b.PooledByteBufAllocator - -Dio.netty.allocator.pageSize: 8192
21:33:41.534 [main] DEBUG i.g.n.s.i.n.b.PooledByteBufAllocator - -Dio.netty.allocator.maxOrder: 11
21:33:41.534 [main] DEBUG i.g.n.s.i.n.b.PooledByteBufAllocator - -Dio.netty.allocator.chunkSize: 16777216
21:33:41.534 [main] DEBUG i.g.n.s.i.n.b.PooledByteBufAllocator - -Dio.netty.allocator.smallCacheSize: 256
21:33:41.534 [main] DEBUG i.g.n.s.i.n.b.PooledByteBufAllocator - -Dio.netty.allocator.normalCacheSize: 64
21:33:41.534 [main] DEBUG i.g.n.s.i.n.b.PooledByteBufAllocator - -Dio.netty.allocator.maxCachedBufferCapacity: 32768
21:33:41.534 [main] DEBUG i.g.n.s.i.n.b.PooledByteBufAllocator - -Dio.netty.allocator.cacheTrimInterval: 8192
21:33:41.534 [main] DEBUG i.g.n.s.i.n.b.PooledByteBufAllocator - -Dio.netty.allocator.cacheTrimIntervalMillis: 0
21:33:41.534 [main] DEBUG i.g.n.s.i.n.b.PooledByteBufAllocator - -Dio.netty.allocator.useCacheForAllThreads: true
21:33:41.534 [main] DEBUG i.g.n.s.i.n.b.PooledByteBufAllocator - -Dio.netty.allocator.maxCachedByteBuffersPerChunk: 1023
21:33:41.607 [grpc-nio-boss-ELG-1-1] DEBUG i.g.n.s.i.n.channel.DefaultChannelId - -Dio.netty.processId: 21300 (auto-detected)
21:33:41.611 [grpc-nio-boss-ELG-1-1] DEBUG i.g.n.shaded.io.netty.util.NetUtil - -Djava.net.preferIPv4Stack: false
21:33:41.611 [grpc-nio-boss-ELG-1-1] DEBUG i.g.n.shaded.io.netty.util.NetUtil - -Djava.net.preferIPv6Addresses: false
21:33:41.914 [grpc-nio-boss-ELG-1-1] DEBUG i.g.n.shaded.io.netty.util.NetUtil - Loopback interface: lo (Software Loopback Interface 1, 127.0.0.1)
21:33:41.915 [grpc-nio-boss-ELG-1-1] DEBUG i.g.n.shaded.io.netty.util.NetUtil - Failed to get SOMAXCONN from sysctl and file \proc\sys\net\core\somaxconn. Default: 200
21:33:42.179 [grpc-nio-boss-ELG-1-1] DEBUG i.g.n.s.i.n.channel.DefaultChannelId - -Dio.netty.machineId: 00:50:56:ff:fe:c0:00:08 (auto-detected)
21:33:42.213 [grpc-nio-boss-ELG-1-1] DEBUG i.g.n.s.io.netty.buffer.ByteBufUtil - -Dio.netty.allocator.type: pooled
21:33:42.213 [grpc-nio-boss-ELG-1-1] DEBUG i.g.n.s.io.netty.buffer.ByteBufUtil - -Dio.netty.threadLocalDirectBufferSize: 0
21:33:42.213 [grpc-nio-boss-ELG-1-1] DEBUG i.g.n.s.io.netty.buffer.ByteBufUtil - -Dio.netty.maxThreadLocalCharBufferSize: 16384
{"logLevel":"debug","message":"started gRPC server on port 52194"}
{"logLevel":"info","message":"Listening on port:52194"}
21:33:42.302 [grpc-nio-worker-ELG-3-1] DEBUG i.g.n.s.i.n.buffer.AbstractByteBuf - -Dio.grpc.netty.shaded.io.netty.buffer.checkAccessible: true
21:33:42.302 [grpc-nio-worker-ELG-3-1] DEBUG i.g.n.s.i.n.buffer.AbstractByteBuf - -Dio.grpc.netty.shaded.io.netty.buffer.checkBounds: true
21:33:42.303 [grpc-nio-worker-ELG-3-1] DEBUG i.g.n.s.i.n.u.ResourceLeakDetectorFactory - Loaded default ResourceLeakDetector: io.grpc.netty.shaded.io.netty.util.ResourceLeakDetector@29580f97
21:33:42.475 [grpc-nio-worker-ELG-3-1] DEBUG i.g.n.s.i.g.netty.NettyServerHandler - [id: 0x00f8531b, L:/127.0.0.1:52194 - R:/127.0.0.1:52195] OUTBOUND SETTINGS: ack=false settings={MAX_CONCURRENT_STREAMS=2147483647, INITIAL_WINDOW_SIZE=1048576, MAX_HEADER_LIST_SIZE=8192}
21:33:42.480 [grpc-nio-worker-ELG-3-1] DEBUG i.g.n.shaded.io.netty.util.Recycler - -Dio.netty.recycler.maxCapacityPerThread: 4096
21:33:42.480 [grpc-nio-worker-ELG-3-1] DEBUG i.g.n.shaded.io.netty.util.Recycler - -Dio.netty.recycler.maxSharedCapacityFactor: 2
21:33:42.480 [grpc-nio-worker-ELG-3-1] DEBUG i.g.n.shaded.io.netty.util.Recycler - -Dio.netty.recycler.linkCapacity: 16
21:33:42.480 [grpc-nio-worker-ELG-3-1] DEBUG i.g.n.shaded.io.netty.util.Recycler - -Dio.netty.recycler.ratio: 8
21:33:42.480 [grpc-nio-worker-ELG-3-1] DEBUG i.g.n.shaded.io.netty.util.Recycler - -Dio.netty.recycler.delayedQueue.ratio: 8
21:33:42.493 [grpc-nio-worker-ELG-3-1] DEBUG i.g.n.s.i.g.netty.NettyServerHandler - [id: 0x00f8531b, L:/127.0.0.1:52194 - R:/127.0.0.1:52195] OUTBOUND WINDOW_UPDATE: streamId=0 windowSizeIncrement=983041
21:33:42.509 [grpc-nio-worker-ELG-3-1] DEBUG i.g.n.s.i.g.netty.NettyServerHandler - [id: 0x00f8531b, L:/127.0.0.1:52194 - R:/127.0.0.1:52195] INBOUND SETTINGS: ack=false settings=[id: 0x00f8531b, L:/127.0.0.1:52194 - R:/127.0.0.1:52195]
21:33:42.511 [grpc-nio-worker-ELG-3-1] DEBUG i.g.n.s.i.g.netty.NettyServerHandler - [id: 0x00f8531b, L:/127.0.0.1:52194 - R:/127.0.0.1:52195] OUTBOUND SETTINGS: ack=true
21:33:42.511 [grpc-nio-worker-ELG-3-1] DEBUG i.g.n.s.i.g.netty.NettyServerHandler - [id: 0x00f8531b, L:/127.0.0.1:52194 - R:/127.0.0.1:52195] INBOUND SETTINGS: ack=true
21:33:42.524 [grpc-nio-worker-ELG-3-1] DEBUG i.g.n.s.i.g.netty.NettyServerHandler - [id: 0x00f8531b, L:/127.0.0.1:52194 - R:/127.0.0.1:52195] INBOUND HEADERS: streamId=1 headers=GrpcHttp2RequestHeaders[:path: /gauge.messages.Runner/ValidateStep, :authority: 127.0.0.1:52194, :method: POST, :scheme: http, te: trailers, content-type: application/grpc, user-agent: grpc-go/1.39.0] padding=0 endStream=false
21:33:42.560 [grpc-nio-worker-ELG-3-1] DEBUG i.g.n.s.i.g.netty.NettyServerHandler - [id: 0x00f8531b, L:/127.0.0.1:52194 - R:/127.0.0.1:52195] INBOUND DATA: streamId=1 padding=0 endStream=true length=112 bytes=000000006b0a2154657374206261736c69796f722c4368726f6d652063616c6973746972696c64691a460a2154657374206261736c69796f722c4368726f6d65...
21:33:42.560 [grpc-nio-worker-ELG-3-1] DEBUG i.g.n.s.i.g.netty.NettyServerHandler - [id: 0x00f8531b, L:/127.0.0.1:52194 - R:/127.0.0.1:52195] OUTBOUND PING: ack=false bytes=1234
21:33:42.585 [grpc-nio-worker-ELG-3-1] DEBUG i.g.n.s.i.g.netty.NettyServerHandler - [id: 0x00f8531b, L:/127.0.0.1:52194 - R:/127.0.0.1:52195] INBOUND PING: ack=true bytes=1234
21:33:42.789 [pool-1-thread-1] DEBUG org.reflections.Reflections - could not scan file module-info.class in url file:/C:/Users/burak/.m2/repository/jakarta/xml/bind/jakarta.xml.bind-api/2.3.3/jakarta.xml.bind-api-2.3.3.jar with scanner MethodAnnotationsScanner
21:33:42.790 [pool-1-thread-1] DEBUG org.reflections.Reflections - could not scan file module-info.class in url file:/C:/Users/burak/.m2/repository/jakarta/xml/bind/jakarta.xml.bind-api/2.3.3/jakarta.xml.bind-api-2.3.3.jar with scanner SubTypesScanner
21:33:42.790 [pool-1-thread-1] DEBUG org.reflections.Reflections - could not scan file META-INF/versions/9/module-info.class in url file:/C:/Users/burak/.m2/repository/org/seleniumhq/selenium/selenium-firefox-driver/3.141.59/selenium-firefox-driver-3.141.59.jar with scanner MethodAnnotationsScanner
21:33:42.790 [pool-1-thread-1] DEBUG org.reflections.Reflections - could not scan file META-INF/versions/9/module-info.class in url file:/C:/Users/burak/.m2/repository/org/seleniumhq/selenium/selenium-firefox-driver/3.141.59/selenium-firefox-driver-3.141.59.jar with scanner SubTypesScanner
21:33:43.089 [pool-1-thread-1] DEBUG org.reflections.Reflections - could not scan file module-info.class in url file:/C:/Users/burak/.m2/repository/com/sun/xml/bind/jaxb-impl/2.3.3/jaxb-impl-2.3.3.jar with scanner MethodAnnotationsScanner
21:33:43.089 [pool-1-thread-1] DEBUG org.reflections.Reflections - could not scan file module-info.class in url file:/C:/Users/burak/.m2/repository/com/sun/xml/bind/jaxb-impl/2.3.3/jaxb-impl-2.3.3.jar with scanner SubTypesScanner
21:33:43.850 [pool-1-thread-1] DEBUG org.reflections.Reflections - could not scan file META-INF/versions/9/module-info.class in url file:/C:/Users/burak/.m2/repository/org/assertj/assertj-core/3.19.0/assertj-core-3.19.0.jar with scanner MethodAnnotationsScanner
21:33:43.850 [pool-1-thread-1] DEBUG org.reflections.Reflections - could not scan file META-INF/versions/9/module-info.class in url file:/C:/Users/burak/.m2/repository/org/assertj/assertj-core/3.19.0/assertj-core-3.19.0.jar with scanner SubTypesScanner
21:33:44.143 [pool-1-thread-1] DEBUG org.reflections.Reflections - could not scan file module-info.class in url file:/C:/Users/burak/.m2/repository/com/google/code/gson/gson/2.8.6/gson-2.8.6.jar with scanner MethodAnnotationsScanner
21:33:44.143 [pool-1-thread-1] DEBUG org.reflections.Reflections - could not scan file module-info.class in url file:/C:/Users/burak/.m2/repository/com/google/code/gson/gson/2.8.6/gson-2.8.6.jar with scanner SubTypesScanner
21:33:44.156 [pool-1-thread-1] DEBUG org.reflections.Reflections - could not scan file META-INF/versions/9/module-info.class in url file:/C:/Users/burak/.m2/repository/org/seleniumhq/selenium/selenium-safari-driver/3.141.59/selenium-safari-driver-3.141.59.jar with scanner MethodAnnotationsScanner
21:33:44.156 [pool-1-thread-1] DEBUG org.reflections.Reflections - could not scan file META-INF/versions/9/module-info.class in url file:/C:/Users/burak/.m2/repository/org/seleniumhq/selenium/selenium-safari-driver/3.141.59/selenium-safari-driver-3.141.59.jar with scanner SubTypesScanner
21:33:44.228 [pool-1-thread-1] DEBUG org.reflections.Reflections - could not scan file META-INF/versions/9/module-info.class in url file:/C:/Users/burak/.m2/repository/org/seleniumhq/selenium/selenium-chrome-driver/3.141.59/selenium-chrome-driver-3.141.59.jar with scanner MethodAnnotationsScanner
21:33:44.228 [pool-1-thread-1] DEBUG org.reflections.Reflections - could not scan file META-INF/versions/9/module-info.class in url file:/C:/Users/burak/.m2/repository/org/seleniumhq/selenium/selenium-chrome-driver/3.141.59/selenium-chrome-driver-3.141.59.jar with scanner SubTypesScanner
21:33:44.280 [pool-1-thread-1] DEBUG org.reflections.Reflections - could not scan file module-info.class in url file:/C:/Users/burak/.m2/repository/jakarta/activation/jakarta.activation-api/1.2.2/jakarta.activation-api-1.2.2.jar with scanner MethodAnnotationsScanner
21:33:44.280 [pool-1-thread-1] DEBUG org.reflections.Reflections - could not scan file module-info.class in url file:/C:/Users/burak/.m2/repository/jakarta/activation/jakarta.activation-api/1.2.2/jakarta.activation-api-1.2.2.jar with scanner SubTypesScanner
21:33:44.291 [pool-1-thread-1] DEBUG org.reflections.Reflections - could not scan file META-INF/versions/9/module-info.class in url file:/C:/Users/burak/.m2/repository/org/seleniumhq/selenium/selenium-remote-driver/3.141.59/selenium-remote-driver-3.141.59.jar with scanner MethodAnnotationsScanner
21:33:44.291 [pool-1-thread-1] DEBUG org.reflections.Reflections - could not scan file META-INF/versions/9/module-info.class in url file:/C:/Users/burak/.m2/repository/org/seleniumhq/selenium/selenium-remote-driver/3.141.59/selenium-remote-driver-3.141.59.jar with scanner SubTypesScanner
21:33:44.636 [pool-1-thread-1] DEBUG org.reflections.Reflections - could not scan file META-INF/versions/9/module-info.class in url file:/C:/Users/burak/.m2/repository/org/seleniumhq/selenium/selenium-edge-driver/3.141.59/selenium-edge-driver-3.141.59.jar with scanner MethodAnnotationsScanner
21:33:44.636 [pool-1-thread-1] DEBUG org.reflections.Reflections - could not scan file META-INF/versions/9/module-info.class in url file:/C:/Users/burak/.m2/repository/org/seleniumhq/selenium/selenium-edge-driver/3.141.59/selenium-edge-driver-3.141.59.jar with scanner SubTypesScanner
21:33:44.786 [pool-1-thread-1] DEBUG org.reflections.Reflections - could not scan file META-INF/versions/9/module-info.class in url file:/C:/Users/burak/.m2/repository/org/seleniumhq/selenium/selenium-opera-driver/3.141.59/selenium-opera-driver-3.141.59.jar with scanner MethodAnnotationsScanner
21:33:44.786 [pool-1-thread-1] DEBUG org.reflections.Reflections - could not scan file META-INF/versions/9/module-info.class in url file:/C:/Users/burak/.m2/repository/org/seleniumhq/selenium/selenium-opera-driver/3.141.59/selenium-opera-driver-3.141.59.jar with scanner SubTypesScanner
21:33:44.788 [pool-1-thread-1] DEBUG org.reflections.Reflections - could not scan file META-INF/versions/9/module-info.class in url file:/C:/Users/burak/.m2/repository/org/seleniumhq/selenium/selenium-ie-driver/3.141.59/selenium-ie-driver-3.141.59.jar with scanner MethodAnnotationsScanner
21:33:44.788 [pool-1-thread-1] DEBUG org.reflections.Reflections - could not scan file META-INF/versions/9/module-info.class in url file:/C:/Users/burak/.m2/repository/org/seleniumhq/selenium/selenium-ie-driver/3.141.59/selenium-ie-driver-3.141.59.jar with scanner SubTypesScanner
21:33:45.010 [pool-1-thread-1] DEBUG org.reflections.Reflections - could not scan file META-INF/versions/9/module-info.class in url file:/C:/Users/burak/.m2/repository/org/seleniumhq/selenium/selenium-api/3.141.59/selenium-api-3.141.59.jar with scanner MethodAnnotationsScanner
21:33:45.010 [pool-1-thread-1] DEBUG org.reflections.Reflections - could not scan file META-INF/versions/9/module-info.class in url file:/C:/Users/burak/.m2/repository/org/seleniumhq/selenium/selenium-api/3.141.59/selenium-api-3.141.59.jar with scanner SubTypesScanner
21:33:45.020 [pool-1-thread-1] INFO  org.reflections.Reflections - Reflections took 4347 ms to scan 131 urls, producing 12464 keys and 69336 values 
{"logLevel":"debug","message":"Scanning packages for steps"}
{"logLevel":"debug","message":"Comparing 'com.hepsiburada.pages.selenium.hepsiburada.PageHepsiBuradaLogin.login' and 'com.hepsiburada.pages.selenium.hepsiburada.PageHepsiBuradaLogin.login'"}
{"logLevel":"debug","message":"Found Anasayfa kontrolu ve login olma in current project scope."}
{"logLevel":"debug","message":"Comparing 'com.hepsiburada.pages.selenium.hepsiburada.PageHepsiBuradaAnaSayfa.Sepetim' and 'com.hepsiburada.pages.selenium.hepsiburada.PageHepsiBuradaAnaSayfa.Sepetim'"}
{"logLevel":"debug","message":"Found Sepete tikla in current project scope."}
{"logLevel":"debug","message":"Comparing 'com.hepsiburada.pages.selenium.hepsiburada.PageHepsiBuradaAnaSayfa.UrunArama' and 'com.hepsiburada.pages.selenium.hepsiburada.PageHepsiBuradaAnaSayfa.UrunArama'"}
{"logLevel":"debug","message":"Found {} 'ni ara ve gelen sonuclari kontrol et in current project scope."}
{"logLevel":"debug","message":"Comparing 'com.hepsiburada.pages.selenium.hepsiburada.PageHepsiBuradaAnaSayfa.SepeteEkle' and 'com.hepsiburada.pages.selenium.hepsiburada.PageHepsiBuradaAnaSayfa.SepeteEkle'"}
{"logLevel":"debug","message":"Found Urunu sepete ekle in current project scope."}
{"logLevel":"debug","message":"Comparing 'com.hepsiburada.pages.selenium.hepsiburada.HepsiBurada.startTest' and 'com.hepsiburada.pages.selenium.hepsiburada.HepsiBurada.startTest'"}
{"logLevel":"debug","message":"Found Test basliyor,Chrome calistirildi in current project scope."}
{"logLevel":"debug","message":"Comparing 'com.hepsiburada.pages.selenium.hepsiburada.PageHepsiBuradaSepetim.UrunuKaldirVeKontrolEt' and 'com.hepsiburada.pages.selenium.hepsiburada.PageHepsiBuradaSepetim.UrunuKaldirVeKontrolEt'"}
{"logLevel":"debug","message":"Found Sepetteki urunu kaldir ve kontrol et in current project scope."}
{"logLevel":"debug","message":"Comparing 'com.hepsiburada.pages.selenium.hepsiburada.PageHepsiBuradaUrunler.SayfaDegis' and 'com.hepsiburada.pages.selenium.hepsiburada.PageHepsiBuradaUrunler.SayfaDegis'"}
{"logLevel":"debug","message":"Found 2. sayfaya gecildi in current project scope."}
{"logLevel":"debug","message":"Comparing 'com.hepsiburada.pages.selenium.hepsiburada.PageHepsiBuradaSepetim.UrunAdiKarsilastir' and 'com.hepsiburada.pages.selenium.hepsiburada.PageHepsiBuradaSepetim.UrunAdiKarsilastir'"}
{"logLevel":"debug","message":"Found Sayfadaki ve sepetteki urunlerin aynı olması kontrolu in current project scope."}
{"logLevel":"debug","message":"Comparing 'com.hepsiburada.pages.selenium.hepsiburada.PageHepsiBuradaUrunler.UrunSec' and 'com.hepsiburada.pages.selenium.hepsiburada.PageHepsiBuradaUrunler.UrunSec'"}
{"logLevel":"debug","message":"Found Sayfadaki 3. urunun adini kaydet ve sec in current project scope."}
{"logLevel":"debug","message":"Scanning packages for hooks"}
{"logLevel":"debug","message":"Scanned steps (using static parsing + reflections): "}
{"logLevel":"debug","message":"\tSepete tikla : public PageHepsiBuradaSepetim Sepetim()"}
{"logLevel":"debug","message":"\tUrunu sepete ekle : public PageHepsiBuradaAnaSayfa SepeteEkle()"}
{"logLevel":"debug","message":"\tSayfadaki ve sepetteki urunlerin aynı olması kontrolu : public PageHepsiBuradaSepetim UrunAdiKarsilastir() throws InterruptedException"}
{"logLevel":"debug","message":"\tSayfadaki 3. urunun adini kaydet ve sec : public PageHepsiBuradaAnaSayfa UrunSec()"}
{"logLevel":"debug","message":"\t2. sayfaya gecildi : public PageHepsiBuradaUrunler SayfaDegis()"}
{"logLevel":"debug","message":"\tfinally : public String getTextOfElement(WebElement elem)"}
{"logLevel":"debug","message":"\tSepetteki urunu kaldir ve kontrol et : public PageHepsiBuradaSepetim UrunuKaldirVeKontrolEt() throws InterruptedException"}
{"logLevel":"debug","message":"\t{} 'ni ara ve gelen sonuclari kontrol et : public PageHepsiBuradaUrunler UrunArama(String UrunAdi) throws InterruptedException"}
{"logLevel":"debug","message":"\tAnasayfa kontrolu ve login olma : public PageHepsiBuradaAnaSayfa login() throws InterruptedException"}
{"logLevel":"debug","message":"\tdeprecation : public static WebDriver setUpBrowser(String browser)"}
{"logLevel":"debug","message":"\tTest basliyor,Chrome calistirildi : public PageHepsiBuradaLogin startTest()"}
21:33:45.080 [pool-2-thread-1] DEBUG org.reflections.Reflections - going to scan these urls:
file:/C:/Users/burak/.m2/repository/org/apache/httpcomponents/httpcore/4.4.13/httpcore-4.4.13.jar
file:/C:/Program%20Files/Java/jdk1.8.0_271/jre/lib/ext/sunjce_provider.jar
file:/C:/Users/burak/.m2/repository/org/sonatype/sisu/sisu-guice/2.1.7/sisu-guice-2.1.7-noaop.jar
file:/C:/Users/burak/.m2/repository/org/apache-extras/beanshell/bsh/2.0b6/bsh-2.0b6.jar
file:/C:/Program%20Files/Java/jdk1.8.0_271/jre/lib/ext/localedata.jar
file:/C:/Program%20Files/Java/jdk1.8.0_271/jre/lib/jfxswt.jar
file:/C:/Users/burak/.m2/repository/commons-logging/commons-logging/1.2/commons-logging-1.2.jar
file:/C:/Users/burak/.m2/repository/org/slf4j/slf4j-log4j12/1.7.25/slf4j-log4j12-1.7.25.jar
file:/C:/Users/burak/.m2/repository/org/mongodb/mongodb-driver-core/3.0.4/mongodb-driver-core-3.0.4.jar
file:/C:/Users/burak/.m2/repository/io/rest-assured/rest-assured/4.4.0/rest-assured-4.4.0.jar
file:/C:/Users/burak/.m2/repository/com/google/j2objc/j2objc-annotations/1.3/j2objc-annotations-1.3.jar
file:/C:/Users/burak/.m2/repository/org/freemarker/freemarker/2.3.23/freemarker-2.3.23.jar
file:/C:/Users/burak/.m2/repository/org/sonatype/sisu/sisu-inject-plexus/1.4.2/sisu-inject-plexus-1.4.2.jar
file:/C:/Program%20Files/Java/jdk1.8.0_271/jre/lib/ext/jfxrt.jar
file:/C:/Users/burak/.m2/repository/org/codehaus/groovy/groovy-xml/3.0.8/groovy-xml-3.0.8.jar
file:/C:/Program%20Files/Java/jdk1.8.0_271/jre/lib/rt.jar
file:/C:/Users/burak/.m2/repository/org/sonatype/aether/aether-util/1.7/aether-util-1.7.jar
file:/C:/Users/burak/.m2/repository/commons-lang/commons-lang/2.6/commons-lang-2.6.jar
file:/C:/Users/burak/.m2/repository/org/apache/httpcomponents/httpmime/4.5.13/httpmime-4.5.13.jar
file:/C:/Users/burak/.m2/repository/com/relevantcodes/extentreports/2.41.2/extentreports-2.41.2.jar
file:/C:/Program%20Files/Java/jdk1.8.0_271/jre/lib/resources.jar
file:/C:/Users/burak/.m2/repository/org/apache/maven/maven-settings/3.0/maven-settings-3.0.jar
file:/C:/Users/burak/.m2/repository/org/codehaus/mojo/animal-sniffer-annotations/1.19/animal-sniffer-annotations-1.19.jar
file:/C:/Users/burak/.m2/repository/org/apache/maven/maven-plugin-api/3.0/maven-plugin-api-3.0.jar
file:/C:/Users/burak/.m2/repository/jakarta/xml/bind/jakarta.xml.bind-api/2.3.3/jakarta.xml.bind-api-2.3.3.jar
file:/C:/Users/burak/.m2/repository/org/seleniumhq/selenium/selenium-firefox-driver/3.141.59/selenium-firefox-driver-3.141.59.jar
file:/C:/Users/burak/.m2/repository/org/slf4j/slf4j-api/1.7.25/slf4j-api-1.7.25.jar
file:/C:/Users/burak/.m2/repository/org/codehaus/groovy/groovy-json/3.0.8/groovy-json-3.0.8.jar
file:/C:/Users/burak/.m2/repository/com/thoughtworks/gauge/gauge-java/0.7.15/gauge-java-0.7.15.jar
file:/C:/Users/burak/.m2/repository/org/sonatype/aether/aether-impl/1.7/aether-impl-1.7.jar
file:/C:/Users/burak/.m2/repository/org/apache/httpcomponents/httpclient/4.5.13/httpclient-4.5.13.jar
file:/C:/Users/burak/IdeaProjects/HBProject/target/test-classes/
file:/C:/Users/burak/.m2/repository/org/mongodb/bson/3.0.4/bson-3.0.4.jar
file:/C:/Program%20Files/Java/jdk1.8.0_271/jre/lib/ext/dnsns.jar
file:/C:/Users/burak/.m2/repository/com/google/code/findbugs/jsr305/3.0.2/jsr305-3.0.2.jar
file:/C:/Users/burak/.m2/repository/org/codehaus/plexus/plexus-component-annotations/1.5.5/plexus-component-annotations-1.5.5.jar
file:/C:/Users/burak/.m2/repository/org/apache/maven/maven-model/3.0/maven-model-3.0.jar
file:/C:/Users/burak/.m2/repository/org/apache/maven/maven-core/3.0/maven-core-3.0.jar
file:/C:/Program%20Files/Java/jdk1.8.0_271/jre/lib/deploy.jar
file:/C:/Users/burak/.m2/repository/ch/qos/logback/logback-classic/1.0.13/logback-classic-1.0.13.jar
file:/C:/Program%20Files/Java/jdk1.8.0_271/jre/lib/plugin.jar
file:/C:/Users/burak/.m2/repository/com/sun/xml/bind/jaxb-impl/2.3.3/jaxb-impl-2.3.3.jar
file:/C:/Users/burak/.m2/repository/com/googlecode/json-simple/json-simple/1.1.1/json-simple-1.1.1.jar
file:/C:/Users/burak/.m2/repository/com/google/protobuf/protobuf-java/3.15.8/protobuf-java-3.15.8.jar
file:/C:/Users/burak/.m2/repository/io/grpc/grpc-protobuf/1.37.0/grpc-protobuf-1.37.0.jar
file:/C:/Program%20Files/Java/jdk1.8.0_271/jre/lib/ext/nashorn.jar
file:/C:/Users/burak/.m2/repository/org/sonatype/plexus/plexus-cipher/1.4/plexus-cipher-1.4.jar
file:/C:/Users/burak/.m2/repository/io/grpc/grpc-api/1.37.0/grpc-api-1.37.0.jar
file:/C:/Users/burak/.m2/repository/org/apache/commons/commons-lang3/3.3/commons-lang3-3.3.jar
file:/C:/Program%20Files/Java/jdk1.8.0_271/jre/lib/jfr.jar
file:/C:/Users/burak/.m2/repository/javax/annotation/javax.annotation-api/1.3.2/javax.annotation-api-1.3.2.jar
file:/C:/Users/burak/.m2/repository/org/codehaus/groovy/groovy/3.0.8/groovy-3.0.8.jar
file:/C:/Users/burak/.m2/repository/org/hamcrest/hamcrest/2.1/hamcrest-2.1.jar
file:/C:/Users/burak/.m2/repository/org/assertj/assertj-core/3.19.0/assertj-core-3.19.0.jar
file:/C:/Users/burak/.m2/repository/com/google/guava/guava/30.1.1-jre/guava-30.1.1-jre.jar
file:/C:/Users/burak/.m2/repository/commons-io/commons-io/2.6/commons-io-2.6.jar
file:/C:/Users/burak/.m2/repository/org/apache/poi/poi/3.17/poi-3.17.jar
file:/C:/Users/burak/.m2/repository/com/google/code/gson/gson/2.8.6/gson-2.8.6.jar
file:/C:/Users/burak/.m2/repository/io/grpc/grpc-context/1.37.0/grpc-context-1.37.0.jar
file:/C:/Program%20Files/Java/jdk1.8.0_271/jre/lib/ext/jaccess.jar
file:/C:/Users/burak/.m2/repository/org/seleniumhq/selenium/selenium-safari-driver/3.141.59/selenium-safari-driver-3.141.59.jar
file:/C:/Users/burak/.m2/repository/org/apache/maven/maven-artifact/3.0/maven-artifact-3.0.jar
file:/C:/Users/burak/.m2/repository/com/github/javaparser/javaparser-core/3.16.3/javaparser-core-3.16.3.jar
file:/C:/Users/burak/.m2/repository/org/sonatype/aether/aether-spi/1.7/aether-spi-1.7.jar
file:/C:/Users/burak/.m2/repository/org/sonatype/sisu/sisu-inject-bean/1.4.2/sisu-inject-bean-1.4.2.jar
file:/C:/Users/burak/.m2/repository/io/rest-assured/json-path/4.4.0/json-path-4.4.0.jar
file:/C:/Users/burak/.m2/repository/org/json/json/20180813/json-20180813.jar
file:/C:/Program%20Files/Java/jdk1.8.0_271/jre/lib/jsse.jar
file:/C:/Users/burak/.m2/repository/org/seleniumhq/selenium/selenium-chrome-driver/3.141.59/selenium-chrome-driver-3.141.59.jar
file:/C:/Users/burak/.m2/repository/io/grpc/grpc-protobuf-lite/1.37.0/grpc-protobuf-lite-1.37.0.jar
file:/C:/Users/burak/.m2/repository/org/sonatype/plexus/plexus-sec-dispatcher/1.3/plexus-sec-dispatcher-1.3.jar
file:/C:/Users/burak/.m2/repository/io/perfmark/perfmark-api/0.23.0/perfmark-api-0.23.0.jar
file:/C:/Users/burak/.m2/repository/org/apache/commons/commons-exec/1.3/commons-exec-1.3.jar
file:/C:/Program%20Files/Java/jdk1.8.0_271/jre/lib/ext/sunec.jar
file:/C:/Program%20Files/Java/jdk1.8.0_271/jre/lib/jce.jar
file:/C:/Users/burak/.m2/repository/org/xerial/sqlite-jdbc/3.8.11.1/sqlite-jdbc-3.8.11.1.jar
file:/C:/Users/burak/.m2/repository/jakarta/activation/jakarta.activation-api/1.2.2/jakarta.activation-api-1.2.2.jar
file:/C:/Users/burak/.m2/repository/org/checkerframework/checker-qual/3.8.0/checker-qual-3.8.0.jar
file:/C:/Users/burak/.m2/repository/org/seleniumhq/selenium/selenium-remote-driver/3.141.59/selenium-remote-driver-3.141.59.jar
file:/C:/Users/burak/.m2/repository/com/google/guava/failureaccess/1.0.1/failureaccess-1.0.1.jar
file:/C:/Users/burak/.m2/repository/ch/qos/logback/logback-core/1.0.13/logback-core-1.0.13.jar
file:/C:/Program%20Files/Java/jdk1.8.0_271/jre/lib/javaws.jar
file:/C:/Users/burak/.m2/repository/io/grpc/grpc-stub/1.37.0/grpc-stub-1.37.0.jar
file:/C:/Program%20Files/Java/jdk1.8.0_271/jre/lib/ext/zipfs.jar
file:/C:/Users/burak/.m2/repository/net/bytebuddy/byte-buddy/1.8.15/byte-buddy-1.8.15.jar
file:/C:/Users/burak/.m2/repository/org/apache/commons/commons-collections4/4.1/commons-collections4-4.1.jar
file:/C:/Users/burak/.m2/repository/io/rest-assured/rest-assured-common/4.4.0/rest-assured-common-4.4.0.jar
file:/C:/Users/burak/.m2/repository/com/thoughtworks/gauge/maven/gauge-maven-plugin/1.3.1/gauge-maven-plugin-1.3.1.jar
file:/C:/Users/burak/.m2/repository/com/squareup/okhttp3/okhttp/3.11.0/okhttp-3.11.0.jar
file:/C:/Users/burak/.m2/repository/io/rest-assured/xml-path/4.4.0/xml-path-4.4.0.jar
file:/C:/Users/burak/.m2/repository/com/google/api/grpc/proto-google-common-protos/2.0.1/proto-google-common-protos-2.0.1.jar
file:/C:/Users/burak/.m2/repository/log4j/log4j/1.2.17/log4j-1.2.17.jar
file:/C:/Program%20Files/Java/jdk1.8.0_271/jre/lib/ext/cldrdata.jar
file:/C:/Users/burak/.m2/repository/org/apache/maven/maven-aether-provider/3.0/maven-aether-provider-3.0.jar
file:/C:/Users/burak/.m2/repository/org/seleniumhq/selenium/selenium-edge-driver/3.141.59/selenium-edge-driver-3.141.59.jar
file:/C:/Users/burak/.m2/repository/com/beust/jcommander/1.72/jcommander-1.72.jar
file:/C:/Users/burak/.m2/repository/org/codehaus/plexus/plexus-classworlds/2.2.3/plexus-classworlds-2.2.3.jar
file:/C:/Users/burak/.m2/repository/org/jsoup/jsoup/1.8.3/jsoup-1.8.3.jar
file:/C:/Users/burak/.m2/repository/commons-codec/commons-codec/1.10/commons-codec-1.10.jar
file:/C:/Program%20Files/Java/jdk1.8.0_271/jre/lib/ext/access-bridge-64.jar
file:/C:/Users/burak/.m2/repository/org/codehaus/plexus/plexus-utils/2.0.4/plexus-utils-2.0.4.jar
file:/C:/Users/burak/.m2/repository/net/sourceforge/jexcelapi/jxl/2.6.12/jxl-2.6.12.jar
file:/C:/Users/burak/.m2/repository/org/apache/maven/maven-settings-builder/3.0/maven-settings-builder-3.0.jar
file:/C:/Program%20Files/Java/jdk1.8.0_271/jre/lib/charsets.jar
file:/C:/Users/burak/.m2/repository/org/mongodb/mongodb-driver/3.0.4/mongodb-driver-3.0.4.jar
file:/C:/Users/burak/IdeaProjects/HBProject/target/classes/
file:/C:/Users/burak/.m2/repository/org/ccil/cowan/tagsoup/tagsoup/1.2.1/tagsoup-1.2.1.jar
file:/C:/Users/burak/.m2/repository/org/apache/maven/maven-model-builder/3.0/maven-model-builder-3.0.jar
file:/C:/Users/burak/.m2/repository/org/codehaus/plexus/plexus-interpolation/1.14/plexus-interpolation-1.14.jar
file:/C:/Program%20Files/Java/jdk1.8.0_271/jre/lib/ext/sunmscapi.jar
file:/C:/Users/burak/.m2/repository/io/grpc/grpc-core/1.37.0/grpc-core-1.37.0.jar
file:/C:/Users/burak/.m2/repository/com/squareup/okio/okio/1.14.0/okio-1.14.0.jar
file:/C:/Users/burak/.m2/repository/org/javassist/javassist/3.18.2-GA/javassist-3.18.2-GA.jar
file:/C:/Users/burak/.m2/repository/com/google/code/findbugs/annotations/2.0.1/annotations-2.0.1.jar
file:/C:/Users/burak/.m2/repository/org/apache/maven/maven-repository-metadata/3.0/maven-repository-metadata-3.0.jar
file:/C:/Users/burak/.m2/repository/org/seleniumhq/selenium/selenium-opera-driver/3.141.59/selenium-opera-driver-3.141.59.jar
file:/C:/Users/burak/.m2/repository/org/seleniumhq/selenium/selenium-ie-driver/3.141.59/selenium-ie-driver-3.141.59.jar
file:/C:/Users/burak/.m2/repository/com/google/errorprone/error_prone_annotations/2.5.1/error_prone_annotations-2.5.1.jar
file:/C:/Users/burak/.m2/repository/com/google/guava/listenablefuture/9999.0-empty-to-avoid-conflict-with-guava/listenablefuture-9999.0-empty-to-avoid-conflict-with-guava.jar
file:/C:/Users/burak/.m2/repository/org/seleniumhq/selenium/selenium-java/3.141.59/selenium-java-3.141.59.jar
file:/C:/Users/burak/.m2/repository/org/sonatype/aether/aether-api/1.7/aether-api-1.7.jar
file:/C:/Users/burak/.m2/repository/org/seleniumhq/selenium/selenium-support/3.141.59/selenium-support-3.141.59.jar
file:/C:/Users/burak/.m2/repository/com/google/android/annotations/4.1.1.4/annotations-4.1.1.4.jar
file:/C:/Users/burak/.m2/repository/org/hamcrest/hamcrest-core/1.1/hamcrest-core-1.1.jar
file:/C:/Users/burak/.m2/repository/org/reflections/reflections/0.9.9/reflections-0.9.9.jar
file:/C:/Program%20Files/Java/jdk1.8.0_271/jre/lib/management-agent.jar
file:/C:/Users/burak/.m2/repository/org/testng/testng/6.14.2/testng-6.14.2.jar
file:/C:/Users/burak/.m2/repository/junit/junit/4.10/junit-4.10.jar
file:/C:/Program%20Files/Java/jdk1.8.0_271/jre/lib/ext/sunpkcs11.jar
file:/C:/Users/burak/.m2/repository/io/grpc/grpc-netty-shaded/1.37.0/grpc-netty-shaded-1.37.0.jar
file:/C:/Users/burak/.m2/repository/org/seleniumhq/selenium/selenium-api/3.141.59/selenium-api-3.141.59.jar
21:33:46.073 [pool-2-thread-1] DEBUG org.reflections.Reflections - could not scan file module-info.class in url file:/C:/Users/burak/.m2/repository/jakarta/xml/bind/jakarta.xml.bind-api/2.3.3/jakarta.xml.bind-api-2.3.3.jar with scanner SubTypesScanner
21:33:46.075 [pool-2-thread-1] DEBUG org.reflections.Reflections - could not scan file META-INF/versions/9/module-info.class in url file:/C:/Users/burak/.m2/repository/org/seleniumhq/selenium/selenium-firefox-driver/3.141.59/selenium-firefox-driver-3.141.59.jar with scanner SubTypesScanner
21:33:46.244 [pool-2-thread-1] DEBUG org.reflections.Reflections - could not scan file module-info.class in url file:/C:/Users/burak/.m2/repository/com/sun/xml/bind/jaxb-impl/2.3.3/jaxb-impl-2.3.3.jar with scanner SubTypesScanner
21:33:46.737 [pool-2-thread-1] DEBUG org.reflections.Reflections - could not scan file META-INF/versions/9/module-info.class in url file:/C:/Users/burak/.m2/repository/org/assertj/assertj-core/3.19.0/assertj-core-3.19.0.jar with scanner SubTypesScanner
21:33:46.894 [pool-2-thread-1] DEBUG org.reflections.Reflections - could not scan file module-info.class in url file:/C:/Users/burak/.m2/repository/com/google/code/gson/gson/2.8.6/gson-2.8.6.jar with scanner SubTypesScanner
21:33:46.904 [pool-2-thread-1] DEBUG org.reflections.Reflections - could not scan file META-INF/versions/9/module-info.class in url file:/C:/Users/burak/.m2/repository/org/seleniumhq/selenium/selenium-safari-driver/3.141.59/selenium-safari-driver-3.141.59.jar with scanner SubTypesScanner
21:33:47.021 [pool-2-thread-1] DEBUG org.reflections.Reflections - could not scan file META-INF/versions/9/module-info.class in url file:/C:/Users/burak/.m2/repository/org/seleniumhq/selenium/selenium-chrome-driver/3.141.59/selenium-chrome-driver-3.141.59.jar with scanner SubTypesScanner
21:33:47.059 [pool-2-thread-1] DEBUG org.reflections.Reflections - could not scan file module-info.class in url file:/C:/Users/burak/.m2/repository/jakarta/activation/jakarta.activation-api/1.2.2/jakarta.activation-api-1.2.2.jar with scanner SubTypesScanner
21:33:47.069 [pool-2-thread-1] DEBUG org.reflections.Reflections - could not scan file META-INF/versions/9/module-info.class in url file:/C:/Users/burak/.m2/repository/org/seleniumhq/selenium/selenium-remote-driver/3.141.59/selenium-remote-driver-3.141.59.jar with scanner SubTypesScanner
21:33:47.366 [pool-2-thread-1] DEBUG org.reflections.Reflections - could not scan file META-INF/versions/9/module-info.class in url file:/C:/Users/burak/.m2/repository/org/seleniumhq/selenium/selenium-edge-driver/3.141.59/selenium-edge-driver-3.141.59.jar with scanner SubTypesScanner
21:33:47.509 [pool-2-thread-1] DEBUG org.reflections.Reflections - could not scan file META-INF/versions/9/module-info.class in url file:/C:/Users/burak/.m2/repository/org/seleniumhq/selenium/selenium-opera-driver/3.141.59/selenium-opera-driver-3.141.59.jar with scanner SubTypesScanner
21:33:47.510 [pool-2-thread-1] DEBUG org.reflections.Reflections - could not scan file META-INF/versions/9/module-info.class in url file:/C:/Users/burak/.m2/repository/org/seleniumhq/selenium/selenium-ie-driver/3.141.59/selenium-ie-driver-3.141.59.jar with scanner SubTypesScanner
21:33:47.691 [pool-2-thread-1] DEBUG org.reflections.Reflections - could not scan file META-INF/versions/9/module-info.class in url file:/C:/Users/burak/.m2/repository/org/seleniumhq/selenium/selenium-api/3.141.59/selenium-api-3.141.59.jar with scanner SubTypesScanner
21:33:47.697 [pool-2-thread-1] INFO  org.reflections.Reflections - Reflections took 2617 ms to scan 131 urls, producing 12361 keys and 58247 values 
21:33:47.737 [grpc-nio-worker-ELG-3-1] DEBUG i.g.n.s.i.g.netty.NettyServerHandler - [id: 0x00f8531b, L:/127.0.0.1:52194 - R:/127.0.0.1:52195] OUTBOUND HEADERS: streamId=1 headers=GrpcHttp2OutboundHeaders[:status: 200, content-type: application/grpc, grpc-encoding: identity, grpc-accept-encoding: gzip] padding=0 endStream=false
21:33:47.751 [grpc-nio-worker-ELG-3-1] DEBUG i.g.n.s.i.g.netty.NettyServerHandler - [id: 0x00f8531b, L:/127.0.0.1:52194 - R:/127.0.0.1:52195] OUTBOUND DATA: streamId=1 padding=0 endStream=false length=7 bytes=00000000020801
21:33:47.752 [grpc-nio-worker-ELG-3-1] DEBUG i.g.n.s.i.g.netty.NettyServerHandler - [id: 0x00f8531b, L:/127.0.0.1:52194 - R:/127.0.0.1:52195] OUTBOUND HEADERS: streamId=1 headers=GrpcHttp2OutboundHeaders[grpc-status: 0] padding=0 endStream=true
21:33:47.759 [grpc-nio-worker-ELG-3-1] DEBUG i.g.n.s.i.g.netty.NettyServerHandler - [id: 0x00f8531b, L:/127.0.0.1:52194 - R:/127.0.0.1:52195] INBOUND WINDOW_UPDATE: streamId=0 windowSizeIncrement=7
21:33:47.759 [grpc-nio-worker-ELG-3-1] DEBUG i.g.n.s.i.g.netty.NettyServerHandler - [id: 0x00f8531b, L:/127.0.0.1:52194 - R:/127.0.0.1:52195] INBOUND PING: ack=false bytes=145258749040133895
21:33:47.759 [grpc-nio-worker-ELG-3-1] DEBUG i.g.n.s.i.g.netty.NettyServerHandler - [id: 0x00f8531b, L:/127.0.0.1:52194 - R:/127.0.0.1:52195] OUTBOUND PING: ack=true bytes=145258749040133895
21:33:47.760 [grpc-nio-worker-ELG-3-1] DEBUG i.g.n.s.i.g.netty.NettyServerHandler - [id: 0x00f8531b, L:/127.0.0.1:52194 - R:/127.0.0.1:52195] INBOUND HEADERS: streamId=3 headers=GrpcHttp2RequestHeaders[:path: /gauge.messages.Runner/ValidateStep, :authority: 127.0.0.1:52194, :method: POST, :scheme: http, te: trailers, content-type: application/grpc, user-agent: grpc-go/1.39.0] padding=0 endStream=false
21:33:47.760 [grpc-nio-worker-ELG-3-1] DEBUG i.g.n.s.i.g.netty.NettyServerHandler - [id: 0x00f8531b, L:/127.0.0.1:52194 - R:/127.0.0.1:52195] INBOUND DATA: streamId=3 padding=0 endStream=true length=106 bytes=00000000650a1f416e617361796661206b6f6e74726f6c75207665206c6f67696e206f6c6d611a420a1f416e617361796661206b6f6e74726f6c75207665206c...
21:33:47.761 [grpc-nio-worker-ELG-3-1] DEBUG i.g.n.s.i.g.netty.NettyServerHandler - [id: 0x00f8531b, L:/127.0.0.1:52194 - R:/127.0.0.1:52195] OUTBOUND PING: ack=false bytes=1234
21:33:47.762 [grpc-nio-worker-ELG-3-1] DEBUG i.g.n.s.i.g.netty.NettyServerHandler - [id: 0x00f8531b, L:/127.0.0.1:52194 - R:/127.0.0.1:52195] OUTBOUND HEADERS: streamId=3 headers=GrpcHttp2OutboundHeaders[:status: 200, content-type: application/grpc, grpc-encoding: identity, grpc-accept-encoding: gzip] padding=0 endStream=false
21:33:47.762 [grpc-nio-worker-ELG-3-1] DEBUG i.g.n.s.i.g.netty.NettyServerHandler - [id: 0x00f8531b, L:/127.0.0.1:52194 - R:/127.0.0.1:52195] OUTBOUND DATA: streamId=3 padding=0 endStream=false length=7 bytes=00000000020801
21:33:47.762 [grpc-nio-worker-ELG-3-1] DEBUG i.g.n.s.i.g.netty.NettyServerHandler - [id: 0x00f8531b, L:/127.0.0.1:52194 - R:/127.0.0.1:52195] OUTBOUND HEADERS: streamId=3 headers=GrpcHttp2OutboundHeaders[grpc-status: 0] padding=0 endStream=true
21:33:47.763 [grpc-nio-worker-ELG-3-1] DEBUG i.g.n.s.i.g.netty.NettyServerHandler - [id: 0x00f8531b, L:/127.0.0.1:52194 - R:/127.0.0.1:52195] INBOUND PING: ack=true bytes=1234
21:33:47.763 [grpc-nio-worker-ELG-3-1] DEBUG i.g.n.s.i.g.netty.NettyServerHandler - [id: 0x00f8531b, L:/127.0.0.1:52194 - R:/127.0.0.1:52195] INBOUND WINDOW_UPDATE: streamId=0 windowSizeIncrement=7
21:33:47.764 [grpc-nio-worker-ELG-3-1] DEBUG i.g.n.s.i.g.netty.NettyServerHandler - [id: 0x00f8531b, L:/127.0.0.1:52194 - R:/127.0.0.1:52195] INBOUND PING: ack=false bytes=145258749040133895
21:33:47.764 [grpc-nio-worker-ELG-3-1] DEBUG i.g.n.s.i.g.netty.NettyServerHandler - [id: 0x00f8531b, L:/127.0.0.1:52194 - R:/127.0.0.1:52195] OUTBOUND PING: ack=true bytes=145258749040133895
21:33:47.764 [grpc-nio-worker-ELG-3-1] DEBUG i.g.n.s.i.g.netty.NettyServerHandler - [id: 0x00f8531b, L:/127.0.0.1:52194 - R:/127.0.0.1:52195] INBOUND HEADERS: streamId=5 headers=GrpcHttp2RequestHeaders[:path: /gauge.messages.Runner/ValidateStep, :authority: 127.0.0.1:52194, :method: POST, :scheme: http, te: trailers, content-type: application/grpc, user-agent: grpc-go/1.39.0] padding=0 endStream=false
21:33:47.764 [grpc-nio-worker-ELG-3-1] DEBUG i.g.n.s.i.g.netty.NettyServerHandler - [id: 0x00f8531b, L:/127.0.0.1:52194 - R:/127.0.0.1:52195] INBOUND DATA: streamId=5 padding=0 endStream=true length=151 bytes=00000000920a287b7d20276e69206172612076652067656c656e20736f6e75636c617269206b6f6e74726f6c20657410011a640a287b7d20276e692061726120...
21:33:47.764 [grpc-nio-worker-ELG-3-1] DEBUG i.g.n.s.i.g.netty.NettyServerHandler - [id: 0x00f8531b, L:/127.0.0.1:52194 - R:/127.0.0.1:52195] OUTBOUND PING: ack=false bytes=1234
21:33:47.767 [grpc-nio-worker-ELG-3-1] DEBUG i.g.n.s.i.g.netty.NettyServerHandler - [id: 0x00f8531b, L:/127.0.0.1:52194 - R:/127.0.0.1:52195] OUTBOUND HEADERS: streamId=5 headers=GrpcHttp2OutboundHeaders[:status: 200, content-type: application/grpc, grpc-encoding: identity, grpc-accept-encoding: gzip] padding=0 endStream=false
21:33:47.767 [grpc-nio-worker-ELG-3-1] DEBUG i.g.n.s.i.g.netty.NettyServerHandler - [id: 0x00f8531b, L:/127.0.0.1:52194 - R:/127.0.0.1:52195] OUTBOUND DATA: streamId=5 padding=0 endStream=false length=7 bytes=00000000020801
21:33:47.768 [grpc-nio-worker-ELG-3-1] DEBUG i.g.n.s.i.g.netty.NettyServerHandler - [id: 0x00f8531b, L:/127.0.0.1:52194 - R:/127.0.0.1:52195] OUTBOUND HEADERS: streamId=5 headers=GrpcHttp2OutboundHeaders[grpc-status: 0] padding=0 endStream=true
21:33:47.769 [grpc-nio-worker-ELG-3-1] DEBUG i.g.n.s.i.g.netty.NettyServerHandler - [id: 0x00f8531b, L:/127.0.0.1:52194 - R:/127.0.0.1:52195] INBOUND PING: ack=true bytes=1234
21:33:47.769 [grpc-nio-worker-ELG-3-1] DEBUG i.g.n.s.i.g.netty.NettyServerHandler - [id: 0x00f8531b, L:/127.0.0.1:52194 - R:/127.0.0.1:52195] INBOUND WINDOW_UPDATE: streamId=0 windowSizeIncrement=7
21:33:47.769 [grpc-nio-worker-ELG-3-1] DEBUG i.g.n.s.i.g.netty.NettyServerHandler - [id: 0x00f8531b, L:/127.0.0.1:52194 - R:/127.0.0.1:52195] INBOUND PING: ack=false bytes=145258749040133895
21:33:47.769 [grpc-nio-worker-ELG-3-1] DEBUG i.g.n.s.i.g.netty.NettyServerHandler - [id: 0x00f8531b, L:/127.0.0.1:52194 - R:/127.0.0.1:52195] OUTBOUND PING: ack=true bytes=145258749040133895
21:33:47.769 [grpc-nio-worker-ELG-3-1] DEBUG i.g.n.s.i.g.netty.NettyServerHandler - [id: 0x00f8531b, L:/127.0.0.1:52194 - R:/127.0.0.1:52195] INBOUND HEADERS: streamId=7 headers=GrpcHttp2RequestHeaders[:path: /gauge.messages.Runner/ValidateStep, :authority: 127.0.0.1:52194, :method: POST, :scheme: http, te: trailers, content-type: application/grpc, user-agent: grpc-go/1.39.0] padding=0 endStream=false
21:33:47.770 [grpc-nio-worker-ELG-3-1] DEBUG i.g.n.s.i.g.netty.NettyServerHandler - [id: 0x00f8531b, L:/127.0.0.1:52194 - R:/127.0.0.1:52195] INBOUND DATA: streamId=7 padding=0 endStream=true length=67 bytes=000000003e0a12322e207361796661796120676563696c64691a280a12322e207361796661796120676563696c64691212322e20736179666179612067656369...
21:33:47.770 [grpc-nio-worker-ELG-3-1] DEBUG i.g.n.s.i.g.netty.NettyServerHandler - [id: 0x00f8531b, L:/127.0.0.1:52194 - R:/127.0.0.1:52195] OUTBOUND PING: ack=false bytes=1234
21:33:47.771 [grpc-nio-worker-ELG-3-1] DEBUG i.g.n.s.i.g.netty.NettyServerHandler - [id: 0x00f8531b, L:/127.0.0.1:52194 - R:/127.0.0.1:52195] OUTBOUND HEADERS: streamId=7 headers=GrpcHttp2OutboundHeaders[:status: 200, content-type: application/grpc, grpc-encoding: identity, grpc-accept-encoding: gzip] padding=0 endStream=false
21:33:47.771 [grpc-nio-worker-ELG-3-1] DEBUG i.g.n.s.i.g.netty.NettyServerHandler - [id: 0x00f8531b, L:/127.0.0.1:52194 - R:/127.0.0.1:52195] OUTBOUND DATA: streamId=7 padding=0 endStream=false length=7 bytes=00000000020801
21:33:47.771 [grpc-nio-worker-ELG-3-1] DEBUG i.g.n.s.i.g.netty.NettyServerHandler - [id: 0x00f8531b, L:/127.0.0.1:52194 - R:/127.0.0.1:52195] OUTBOUND HEADERS: streamId=7 headers=GrpcHttp2OutboundHeaders[grpc-status: 0] padding=0 endStream=true
21:33:47.773 [grpc-nio-worker-ELG-3-1] DEBUG i.g.n.s.i.g.netty.NettyServerHandler - [id: 0x00f8531b, L:/127.0.0.1:52194 - R:/127.0.0.1:52195] INBOUND PING: ack=true bytes=1234
21:33:47.773 [grpc-nio-worker-ELG-3-1] DEBUG i.g.n.s.i.g.netty.NettyServerHandler - [id: 0x00f8531b, L:/127.0.0.1:52194 - R:/127.0.0.1:52195] INBOUND WINDOW_UPDATE: streamId=0 windowSizeIncrement=7
21:33:47.773 [grpc-nio-worker-ELG-3-1] DEBUG i.g.n.s.i.g.netty.NettyServerHandler - [id: 0x00f8531b, L:/127.0.0.1:52194 - R:/127.0.0.1:52195] INBOUND PING: ack=false bytes=145258749040133895
21:33:47.773 [grpc-nio-worker-ELG-3-1] DEBUG i.g.n.s.i.g.netty.NettyServerHandler - [id: 0x00f8531b, L:/127.0.0.1:52194 - R:/127.0.0.1:52195] OUTBOUND PING: ack=true bytes=145258749040133895
21:33:47.773 [grpc-nio-worker-ELG-3-1] DEBUG i.g.n.s.i.g.netty.NettyServerHandler - [id: 0x00f8531b, L:/127.0.0.1:52194 - R:/127.0.0.1:52195] INBOUND HEADERS: streamId=9 headers=GrpcHttp2RequestHeaders[:path: /gauge.messages.Runner/ValidateStep, :authority: 127.0.0.1:52194, :method: POST, :scheme: http, te: trailers, content-type: application/grpc, user-agent: grpc-go/1.39.0] padding=0 endStream=false
21:33:47.774 [grpc-nio-worker-ELG-3-1] DEBUG i.g.n.s.i.g.netty.NettyServerHandler - [id: 0x00f8531b, L:/127.0.0.1:52194 - R:/127.0.0.1:52195] INBOUND DATA: streamId=9 padding=0 endStream=true length=130 bytes=000000007d0a27536179666164616b6920332e207572756e756e206164696e69206b6179646574207665207365631a520a27536179666164616b6920332e2075...
21:33:47.774 [grpc-nio-worker-ELG-3-1] DEBUG i.g.n.s.i.g.netty.NettyServerHandler - [id: 0x00f8531b, L:/127.0.0.1:52194 - R:/127.0.0.1:52195] OUTBOUND PING: ack=false bytes=1234
21:33:47.777 [grpc-nio-worker-ELG-3-1] DEBUG i.g.n.s.i.g.netty.NettyServerHandler - [id: 0x00f8531b, L:/127.0.0.1:52194 - R:/127.0.0.1:52195] OUTBOUND HEADERS: streamId=9 headers=GrpcHttp2OutboundHeaders[:status: 200, content-type: application/grpc, grpc-encoding: identity, grpc-accept-encoding: gzip] padding=0 endStream=false
21:33:47.778 [grpc-nio-worker-ELG-3-1] DEBUG i.g.n.s.i.g.netty.NettyServerHandler - [id: 0x00f8531b, L:/127.0.0.1:52194 - R:/127.0.0.1:52195] OUTBOUND DATA: streamId=9 padding=0 endStream=false length=7 bytes=00000000020801
21:33:47.778 [grpc-nio-worker-ELG-3-1] DEBUG i.g.n.s.i.g.netty.NettyServerHandler - [id: 0x00f8531b, L:/127.0.0.1:52194 - R:/127.0.0.1:52195] OUTBOUND HEADERS: streamId=9 headers=GrpcHttp2OutboundHeaders[grpc-status: 0] padding=0 endStream=true
21:33:47.779 [grpc-nio-worker-ELG-3-1] DEBUG i.g.n.s.i.g.netty.NettyServerHandler - [id: 0x00f8531b, L:/127.0.0.1:52194 - R:/127.0.0.1:52195] INBOUND PING: ack=true bytes=1234
21:33:47.779 [grpc-nio-worker-ELG-3-1] DEBUG i.g.n.s.i.g.netty.NettyServerHandler - [id: 0x00f8531b, L:/127.0.0.1:52194 - R:/127.0.0.1:52195] INBOUND WINDOW_UPDATE: streamId=0 windowSizeIncrement=7
21:33:47.780 [grpc-nio-worker-ELG-3-1] DEBUG i.g.n.s.i.g.netty.NettyServerHandler - [id: 0x00f8531b, L:/127.0.0.1:52194 - R:/127.0.0.1:52195] INBOUND PING: ack=false bytes=145258749040133895
21:33:47.780 [grpc-nio-worker-ELG-3-1] DEBUG i.g.n.s.i.g.netty.NettyServerHandler - [id: 0x00f8531b, L:/127.0.0.1:52194 - R:/127.0.0.1:52195] OUTBOUND PING: ack=true bytes=145258749040133895
21:33:47.780 [grpc-nio-worker-ELG-3-1] DEBUG i.g.n.s.i.g.netty.NettyServerHandler - [id: 0x00f8531b, L:/127.0.0.1:52194 - R:/127.0.0.1:52195] INBOUND HEADERS: streamId=11 headers=GrpcHttp2RequestHeaders[:path: /gauge.messages.Runner/ValidateStep, :authority: 127.0.0.1:52194, :method: POST, :scheme: http, te: trailers, content-type: application/grpc, user-agent: grpc-go/1.39.0] padding=0 endStream=false
21:33:47.781 [grpc-nio-worker-ELG-3-1] DEBUG i.g.n.s.i.g.netty.NettyServerHandler - [id: 0x00f8531b, L:/127.0.0.1:52194 - R:/127.0.0.1:52195] INBOUND DATA: streamId=11 padding=0 endStream=true length=64 bytes=000000003b0a115572756e752073657065746520656b6c651a260a115572756e752073657065746520656b6c6512115572756e752073657065746520656b6c65
21:33:47.781 [grpc-nio-worker-ELG-3-1] DEBUG i.g.n.s.i.g.netty.NettyServerHandler - [id: 0x00f8531b, L:/127.0.0.1:52194 - R:/127.0.0.1:52195] OUTBOUND PING: ack=false bytes=1234
21:33:47.782 [grpc-nio-worker-ELG-3-1] DEBUG i.g.n.s.i.g.netty.NettyServerHandler - [id: 0x00f8531b, L:/127.0.0.1:52194 - R:/127.0.0.1:52195] OUTBOUND HEADERS: streamId=11 headers=GrpcHttp2OutboundHeaders[:status: 200, content-type: application/grpc, grpc-encoding: identity, grpc-accept-encoding: gzip] padding=0 endStream=false
21:33:47.783 [grpc-nio-worker-ELG-3-1] DEBUG i.g.n.s.i.g.netty.NettyServerHandler - [id: 0x00f8531b, L:/127.0.0.1:52194 - R:/127.0.0.1:52195] OUTBOUND DATA: streamId=11 padding=0 endStream=false length=7 bytes=00000000020801
21:33:47.783 [grpc-nio-worker-ELG-3-1] DEBUG i.g.n.s.i.g.netty.NettyServerHandler - [id: 0x00f8531b, L:/127.0.0.1:52194 - R:/127.0.0.1:52195] OUTBOUND HEADERS: streamId=11 headers=GrpcHttp2OutboundHeaders[grpc-status: 0] padding=0 endStream=true
21:33:47.784 [grpc-nio-worker-ELG-3-1] DEBUG i.g.n.s.i.g.netty.NettyServerHandler - [id: 0x00f8531b, L:/127.0.0.1:52194 - R:/127.0.0.1:52195] INBOUND PING: ack=true bytes=1234
21:33:47.784 [grpc-nio-worker-ELG-3-1] DEBUG i.g.n.s.i.g.netty.NettyServerHandler - [id: 0x00f8531b, L:/127.0.0.1:52194 - R:/127.0.0.1:52195] INBOUND WINDOW_UPDATE: streamId=0 windowSizeIncrement=7
21:33:47.784 [grpc-nio-worker-ELG-3-1] DEBUG i.g.n.s.i.g.netty.NettyServerHandler - [id: 0x00f8531b, L:/127.0.0.1:52194 - R:/127.0.0.1:52195] INBOUND PING: ack=false bytes=145258749040133895
21:33:47.784 [grpc-nio-worker-ELG-3-1] DEBUG i.g.n.s.i.g.netty.NettyServerHandler - [id: 0x00f8531b, L:/127.0.0.1:52194 - R:/127.0.0.1:52195] OUTBOUND PING: ack=true bytes=145258749040133895
21:33:47.784 [grpc-nio-worker-ELG-3-1] DEBUG i.g.n.s.i.g.netty.NettyServerHandler - [id: 0x00f8531b, L:/127.0.0.1:52194 - R:/127.0.0.1:52195] INBOUND HEADERS: streamId=13 headers=GrpcHttp2RequestHeaders[:path: /gauge.messages.Runner/ValidateStep, :authority: 127.0.0.1:52194, :method: POST, :scheme: http, te: trailers, content-type: application/grpc, user-agent: grpc-go/1.39.0] padding=0 endStream=false
21:33:47.785 [grpc-nio-worker-ELG-3-1] DEBUG i.g.n.s.i.g.netty.NettyServerHandler - [id: 0x00f8531b, L:/127.0.0.1:52194 - R:/127.0.0.1:52195] INBOUND DATA: streamId=13 padding=0 endStream=true length=49 bytes=000000002c0a0c5365706574652074696b6c611a1c0a0c5365706574652074696b6c61120c5365706574652074696b6c61
21:33:47.785 [grpc-nio-worker-ELG-3-1] DEBUG i.g.n.s.i.g.netty.NettyServerHandler - [id: 0x00f8531b, L:/127.0.0.1:52194 - R:/127.0.0.1:52195] OUTBOUND PING: ack=false bytes=1234
21:33:47.786 [grpc-nio-worker-ELG-3-1] DEBUG i.g.n.s.i.g.netty.NettyServerHandler - [id: 0x00f8531b, L:/127.0.0.1:52194 - R:/127.0.0.1:52195] OUTBOUND HEADERS: streamId=13 headers=GrpcHttp2OutboundHeaders[:status: 200, content-type: application/grpc, grpc-encoding: identity, grpc-accept-encoding: gzip] padding=0 endStream=false
21:33:47.786 [grpc-nio-worker-ELG-3-1] DEBUG i.g.n.s.i.g.netty.NettyServerHandler - [id: 0x00f8531b, L:/127.0.0.1:52194 - R:/127.0.0.1:52195] OUTBOUND DATA: streamId=13 padding=0 endStream=false length=7 bytes=00000000020801
21:33:47.787 [grpc-nio-worker-ELG-3-1] DEBUG i.g.n.s.i.g.netty.NettyServerHandler - [id: 0x00f8531b, L:/127.0.0.1:52194 - R:/127.0.0.1:52195] OUTBOUND HEADERS: streamId=13 headers=GrpcHttp2OutboundHeaders[grpc-status: 0] padding=0 endStream=true
21:33:47.788 [grpc-nio-worker-ELG-3-1] DEBUG i.g.n.s.i.g.netty.NettyServerHandler - [id: 0x00f8531b, L:/127.0.0.1:52194 - R:/127.0.0.1:52195] INBOUND PING: ack=true bytes=1234
21:33:47.788 [grpc-nio-worker-ELG-3-1] DEBUG i.g.n.s.i.g.netty.NettyServerHandler - [id: 0x00f8531b, L:/127.0.0.1:52194 - R:/127.0.0.1:52195] INBOUND WINDOW_UPDATE: streamId=0 windowSizeIncrement=7
21:33:47.789 [grpc-nio-worker-ELG-3-1] DEBUG i.g.n.s.i.g.netty.NettyServerHandler - [id: 0x00f8531b, L:/127.0.0.1:52194 - R:/127.0.0.1:52195] INBOUND PING: ack=false bytes=145258749040133895
21:33:47.789 [grpc-nio-worker-ELG-3-1] DEBUG i.g.n.s.i.g.netty.NettyServerHandler - [id: 0x00f8531b, L:/127.0.0.1:52194 - R:/127.0.0.1:52195] OUTBOUND PING: ack=true bytes=145258749040133895
21:33:47.789 [grpc-nio-worker-ELG-3-1] DEBUG i.g.n.s.i.g.netty.NettyServerHandler - [id: 0x00f8531b, L:/127.0.0.1:52194 - R:/127.0.0.1:52195] INBOUND HEADERS: streamId=15 headers=GrpcHttp2RequestHeaders[:path: /gauge.messages.Runner/ValidateStep, :authority: 127.0.0.1:52194, :method: POST, :scheme: http, te: trailers, content-type: application/grpc, user-agent: grpc-go/1.39.0] padding=0 endStream=false
21:33:47.789 [grpc-nio-worker-ELG-3-1] DEBUG i.g.n.s.i.g.netty.NettyServerHandler - [id: 0x00f8531b, L:/127.0.0.1:52194 - R:/127.0.0.1:52195] INBOUND DATA: streamId=15 padding=0 endStream=true length=178 bytes=00000000ad0a37536179666164616b6920766520736570657474656b69207572756e6c6572696e2061796ec4b1206f6c6d6173c4b1206b6f6e74726f6c751a72...
21:33:47.790 [grpc-nio-worker-ELG-3-1] DEBUG i.g.n.s.i.g.netty.NettyServerHandler - [id: 0x00f8531b, L:/127.0.0.1:52194 - R:/127.0.0.1:52195] OUTBOUND PING: ack=false bytes=1234
21:33:47.791 [grpc-nio-worker-ELG-3-1] DEBUG i.g.n.s.i.g.netty.NettyServerHandler - [id: 0x00f8531b, L:/127.0.0.1:52194 - R:/127.0.0.1:52195] OUTBOUND HEADERS: streamId=15 headers=GrpcHttp2OutboundHeaders[:status: 200, content-type: application/grpc, grpc-encoding: identity, grpc-accept-encoding: gzip] padding=0 endStream=false
21:33:47.791 [grpc-nio-worker-ELG-3-1] DEBUG i.g.n.s.i.g.netty.NettyServerHandler - [id: 0x00f8531b, L:/127.0.0.1:52194 - R:/127.0.0.1:52195] OUTBOUND DATA: streamId=15 padding=0 endStream=false length=7 bytes=00000000020801
21:33:47.791 [grpc-nio-worker-ELG-3-1] DEBUG i.g.n.s.i.g.netty.NettyServerHandler - [id: 0x00f8531b, L:/127.0.0.1:52194 - R:/127.0.0.1:52195] OUTBOUND HEADERS: streamId=15 headers=GrpcHttp2OutboundHeaders[grpc-status: 0] padding=0 endStream=true
21:33:47.792 [grpc-nio-worker-ELG-3-1] DEBUG i.g.n.s.i.g.netty.NettyServerHandler - [id: 0x00f8531b, L:/127.0.0.1:52194 - R:/127.0.0.1:52195] INBOUND PING: ack=true bytes=1234
21:33:47.792 [grpc-nio-worker-ELG-3-1] DEBUG i.g.n.s.i.g.netty.NettyServerHandler - [id: 0x00f8531b, L:/127.0.0.1:52194 - R:/127.0.0.1:52195] INBOUND WINDOW_UPDATE: streamId=0 windowSizeIncrement=7
21:33:47.792 [grpc-nio-worker-ELG-3-1] DEBUG i.g.n.s.i.g.netty.NettyServerHandler - [id: 0x00f8531b, L:/127.0.0.1:52194 - R:/127.0.0.1:52195] INBOUND PING: ack=false bytes=145258749040133895
21:33:47.792 [grpc-nio-worker-ELG-3-1] DEBUG i.g.n.s.i.g.netty.NettyServerHandler - [id: 0x00f8531b, L:/127.0.0.1:52194 - R:/127.0.0.1:52195] OUTBOUND PING: ack=true bytes=145258749040133895
21:33:47.792 [grpc-nio-worker-ELG-3-1] DEBUG i.g.n.s.i.g.netty.NettyServerHandler - [id: 0x00f8531b, L:/127.0.0.1:52194 - R:/127.0.0.1:52195] INBOUND HEADERS: streamId=17 headers=GrpcHttp2RequestHeaders[:path: /gauge.messages.Runner/ValidateStep, :authority: 127.0.0.1:52194, :method: POST, :scheme: http, te: trailers, content-type: application/grpc, user-agent: grpc-go/1.39.0] padding=0 endStream=false
21:33:47.793 [grpc-nio-worker-ELG-3-1] DEBUG i.g.n.s.i.g.netty.NettyServerHandler - [id: 0x00f8531b, L:/127.0.0.1:52194 - R:/127.0.0.1:52195] INBOUND DATA: streamId=17 padding=0 endStream=true length=121 bytes=00000000740a24536570657474656b69207572756e75206b616c646972207665206b6f6e74726f6c2065741a4c0a24536570657474656b69207572756e75206b...
21:33:47.793 [grpc-nio-worker-ELG-3-1] DEBUG i.g.n.s.i.g.netty.NettyServerHandler - [id: 0x00f8531b, L:/127.0.0.1:52194 - R:/127.0.0.1:52195] OUTBOUND PING: ack=false bytes=1234
21:33:47.793 [grpc-nio-worker-ELG-3-1] DEBUG i.g.n.s.i.g.netty.NettyServerHandler - [id: 0x00f8531b, L:/127.0.0.1:52194 - R:/127.0.0.1:52195] OUTBOUND HEADERS: streamId=17 headers=GrpcHttp2OutboundHeaders[:status: 200, content-type: application/grpc, grpc-encoding: identity, grpc-accept-encoding: gzip] padding=0 endStream=false
21:33:47.794 [grpc-nio-worker-ELG-3-1] DEBUG i.g.n.s.i.g.netty.NettyServerHandler - [id: 0x00f8531b, L:/127.0.0.1:52194 - R:/127.0.0.1:52195] OUTBOUND DATA: streamId=17 padding=0 endStream=false length=7 bytes=00000000020801
21:33:47.794 [grpc-nio-worker-ELG-3-1] DEBUG i.g.n.s.i.g.netty.NettyServerHandler - [id: 0x00f8531b, L:/127.0.0.1:52194 - R:/127.0.0.1:52195] OUTBOUND HEADERS: streamId=17 headers=GrpcHttp2OutboundHeaders[grpc-status: 0] padding=0 endStream=true
21:33:47.795 [grpc-nio-worker-ELG-3-1] DEBUG i.g.n.s.i.g.netty.NettyServerHandler - [id: 0x00f8531b, L:/127.0.0.1:52194 - R:/127.0.0.1:52195] INBOUND PING: ack=true bytes=1234
21:33:47.796 [grpc-nio-worker-ELG-3-1] DEBUG i.g.n.s.i.g.netty.NettyServerHandler - [id: 0x00f8531b, L:/127.0.0.1:52194 - R:/127.0.0.1:52195] INBOUND WINDOW_UPDATE: streamId=0 windowSizeIncrement=7
21:33:47.796 [grpc-nio-worker-ELG-3-1] DEBUG i.g.n.s.i.g.netty.NettyServerHandler - [id: 0x00f8531b, L:/127.0.0.1:52194 - R:/127.0.0.1:52195] INBOUND PING: ack=false bytes=145258749040133895
21:33:47.796 [grpc-nio-worker-ELG-3-1] DEBUG i.g.n.s.i.g.netty.NettyServerHandler - [id: 0x00f8531b, L:/127.0.0.1:52194 - R:/127.0.0.1:52195] OUTBOUND PING: ack=true bytes=145258749040133895
21:33:47.875 [grpc-nio-worker-ELG-3-1] DEBUG i.g.n.s.i.g.netty.NettyServerHandler - [id: 0x00f8531b, L:/127.0.0.1:52194 - R:/127.0.0.1:52195] INBOUND HEADERS: streamId=19 headers=GrpcHttp2RequestHeaders[:path: /gauge.messages.Runner/InitializeSuiteDataStore, :authority: 127.0.0.1:52194, :method: POST, :scheme: http, te: trailers, content-type: application/grpc, user-agent: grpc-go/1.39.0] padding=0 endStream=false
21:33:47.876 [grpc-nio-worker-ELG-3-1] DEBUG i.g.n.s.i.g.netty.NettyServerHandler - [id: 0x00f8531b, L:/127.0.0.1:52194 - R:/127.0.0.1:52195] INBOUND DATA: streamId=19 padding=0 endStream=true length=5 bytes=0000000000
21:33:47.876 [grpc-nio-worker-ELG-3-1] DEBUG i.g.n.s.i.g.netty.NettyServerHandler - [id: 0x00f8531b, L:/127.0.0.1:52194 - R:/127.0.0.1:52195] OUTBOUND PING: ack=false bytes=1234
21:33:47.877 [grpc-nio-worker-ELG-3-1] DEBUG i.g.n.s.i.g.netty.NettyServerHandler - [id: 0x00f8531b, L:/127.0.0.1:52194 - R:/127.0.0.1:52195] INBOUND PING: ack=true bytes=1234
21:33:47.886 [grpc-nio-worker-ELG-3-1] DEBUG i.g.n.s.i.g.netty.NettyServerHandler - [id: 0x00f8531b, L:/127.0.0.1:52194 - R:/127.0.0.1:52195] OUTBOUND HEADERS: streamId=19 headers=GrpcHttp2OutboundHeaders[:status: 200, content-type: application/grpc, grpc-encoding: identity, grpc-accept-encoding: gzip] padding=0 endStream=false
21:33:47.887 [grpc-nio-worker-ELG-3-1] DEBUG i.g.n.s.i.g.netty.NettyServerHandler - [id: 0x00f8531b, L:/127.0.0.1:52194 - R:/127.0.0.1:52195] OUTBOUND DATA: streamId=19 padding=0 endStream=false length=7 bytes=00000000020a00
21:33:47.888 [grpc-nio-worker-ELG-3-1] DEBUG i.g.n.s.i.g.netty.NettyServerHandler - [id: 0x00f8531b, L:/127.0.0.1:52194 - R:/127.0.0.1:52195] OUTBOUND HEADERS: streamId=19 headers=GrpcHttp2OutboundHeaders[grpc-status: 0] padding=0 endStream=true
21:33:47.888 [grpc-nio-worker-ELG-3-1] DEBUG i.g.n.s.i.g.netty.NettyServerHandler - [id: 0x00f8531b, L:/127.0.0.1:52194 - R:/127.0.0.1:52195] INBOUND WINDOW_UPDATE: streamId=0 windowSizeIncrement=7
21:33:47.888 [grpc-nio-worker-ELG-3-1] DEBUG i.g.n.s.i.g.netty.NettyServerHandler - [id: 0x00f8531b, L:/127.0.0.1:52194 - R:/127.0.0.1:52195] INBOUND PING: ack=false bytes=145258749040133895
21:33:47.889 [grpc-nio-worker-ELG-3-1] DEBUG i.g.n.s.i.g.netty.NettyServerHandler - [id: 0x00f8531b, L:/127.0.0.1:52194 - R:/127.0.0.1:52195] OUTBOUND PING: ack=true bytes=145258749040133895
21:33:47.890 [grpc-nio-worker-ELG-3-1] DEBUG i.g.n.s.i.g.netty.NettyServerHandler - [id: 0x00f8531b, L:/127.0.0.1:52194 - R:/127.0.0.1:52195] INBOUND HEADERS: streamId=21 headers=GrpcHttp2RequestHeaders[:path: /gauge.messages.Runner/StartExecution, :authority: 127.0.0.1:52194, :method: POST, :scheme: http, te: trailers, content-type: application/grpc, user-agent: grpc-go/1.39.0] padding=0 endStream=false
21:33:47.890 [grpc-nio-worker-ELG-3-1] DEBUG i.g.n.s.i.g.netty.NettyServerHandler - [id: 0x00f8531b, L:/127.0.0.1:52194 - R:/127.0.0.1:52195] INBOUND DATA: streamId=21 padding=0 endStream=true length=95 bytes=000000005a0a582a09484250726f6a65637432170a0f686964652d73756767657374696f6e12047472756532180a106d616368696e652d7265616461626c6512...
21:33:47.890 [grpc-nio-worker-ELG-3-1] DEBUG i.g.n.s.i.g.netty.NettyServerHandler - [id: 0x00f8531b, L:/127.0.0.1:52194 - R:/127.0.0.1:52195] OUTBOUND PING: ack=false bytes=1234
21:33:47.897 [grpc-nio-worker-ELG-3-1] DEBUG i.g.n.s.i.g.netty.NettyServerHandler - [id: 0x00f8531b, L:/127.0.0.1:52194 - R:/127.0.0.1:52195] INBOUND PING: ack=true bytes=1234
21:33:47.908 [grpc-nio-worker-ELG-3-1] DEBUG i.g.n.s.i.g.netty.NettyServerHandler - [id: 0x00f8531b, L:/127.0.0.1:52194 - R:/127.0.0.1:52195] OUTBOUND HEADERS: streamId=21 headers=GrpcHttp2OutboundHeaders[:status: 200, content-type: application/grpc, grpc-encoding: identity, grpc-accept-encoding: gzip] padding=0 endStream=false
21:33:47.909 [grpc-nio-worker-ELG-3-1] DEBUG i.g.n.s.i.g.netty.NettyServerHandler - [id: 0x00f8531b, L:/127.0.0.1:52194 - R:/127.0.0.1:52195] OUTBOUND DATA: streamId=21 padding=0 endStream=false length=7 bytes=00000000020a00
21:33:47.909 [grpc-nio-worker-ELG-3-1] DEBUG i.g.n.s.i.g.netty.NettyServerHandler - [id: 0x00f8531b, L:/127.0.0.1:52194 - R:/127.0.0.1:52195] OUTBOUND HEADERS: streamId=21 headers=GrpcHttp2OutboundHeaders[grpc-status: 0] padding=0 endStream=true
21:33:47.910 [grpc-nio-worker-ELG-3-1] DEBUG i.g.n.s.i.g.netty.NettyServerHandler - [id: 0x00f8531b, L:/127.0.0.1:52194 - R:/127.0.0.1:52195] INBOUND WINDOW_UPDATE: streamId=0 windowSizeIncrement=7
21:33:47.910 [grpc-nio-worker-ELG-3-1] DEBUG i.g.n.s.i.g.netty.NettyServerHandler - [id: 0x00f8531b, L:/127.0.0.1:52194 - R:/127.0.0.1:52195] INBOUND PING: ack=false bytes=145258749040133895
21:33:47.910 [grpc-nio-worker-ELG-3-1] DEBUG i.g.n.s.i.g.netty.NettyServerHandler - [id: 0x00f8531b, L:/127.0.0.1:52194 - R:/127.0.0.1:52195] OUTBOUND PING: ack=true bytes=145258749040133895
21:33:47.912 [grpc-nio-worker-ELG-3-1] DEBUG i.g.n.s.i.g.netty.NettyServerHandler - [id: 0x00f8531b, L:/127.0.0.1:52194 - R:/127.0.0.1:52195] INBOUND HEADERS: streamId=23 headers=GrpcHttp2RequestHeaders[:path: /gauge.messages.Runner/InitializeSpecDataStore, :authority: 127.0.0.1:52194, :method: POST, :scheme: http, te: trailers, content-type: application/grpc, user-agent: grpc-go/1.39.0] padding=0 endStream=false
21:33:47.913 [grpc-nio-worker-ELG-3-1] DEBUG i.g.n.s.i.g.netty.NettyServerHandler - [id: 0x00f8531b, L:/127.0.0.1:52194 - R:/127.0.0.1:52195] INBOUND DATA: streamId=23 padding=0 endStream=true length=5 bytes=0000000000
21:33:47.913 [grpc-nio-worker-ELG-3-1] DEBUG i.g.n.s.i.g.netty.NettyServerHandler - [id: 0x00f8531b, L:/127.0.0.1:52194 - R:/127.0.0.1:52195] OUTBOUND PING: ack=false bytes=1234
21:33:47.914 [grpc-nio-worker-ELG-3-1] DEBUG i.g.n.s.i.g.netty.NettyServerHandler - [id: 0x00f8531b, L:/127.0.0.1:52194 - R:/127.0.0.1:52195] INBOUND PING: ack=true bytes=1234
21:33:47.915 [grpc-nio-worker-ELG-3-1] DEBUG i.g.n.s.i.g.netty.NettyServerHandler - [id: 0x00f8531b, L:/127.0.0.1:52194 - R:/127.0.0.1:52195] OUTBOUND HEADERS: streamId=23 headers=GrpcHttp2OutboundHeaders[:status: 200, content-type: application/grpc, grpc-encoding: identity, grpc-accept-encoding: gzip] padding=0 endStream=false
21:33:47.916 [grpc-nio-worker-ELG-3-1] DEBUG i.g.n.s.i.g.netty.NettyServerHandler - [id: 0x00f8531b, L:/127.0.0.1:52194 - R:/127.0.0.1:52195] OUTBOUND DATA: streamId=23 padding=0 endStream=false length=7 bytes=00000000020a00
21:33:47.916 [grpc-nio-worker-ELG-3-1] DEBUG i.g.n.s.i.g.netty.NettyServerHandler - [id: 0x00f8531b, L:/127.0.0.1:52194 - R:/127.0.0.1:52195] OUTBOUND HEADERS: streamId=23 headers=GrpcHttp2OutboundHeaders[grpc-status: 0] padding=0 endStream=true
21:33:47.917 [grpc-nio-worker-ELG-3-1] DEBUG i.g.n.s.i.g.netty.NettyServerHandler - [id: 0x00f8531b, L:/127.0.0.1:52194 - R:/127.0.0.1:52195] INBOUND WINDOW_UPDATE: streamId=0 windowSizeIncrement=7
21:33:47.918 [grpc-nio-worker-ELG-3-1] DEBUG i.g.n.s.i.g.netty.NettyServerHandler - [id: 0x00f8531b, L:/127.0.0.1:52194 - R:/127.0.0.1:52195] INBOUND PING: ack=false bytes=145258749040133895
21:33:47.918 [grpc-nio-worker-ELG-3-1] DEBUG i.g.n.s.i.g.netty.NettyServerHandler - [id: 0x00f8531b, L:/127.0.0.1:52194 - R:/127.0.0.1:52195] OUTBOUND PING: ack=true bytes=145258749040133895
21:33:47.919 [grpc-nio-worker-ELG-3-1] DEBUG i.g.n.s.i.g.netty.NettyServerHandler - [id: 0x00f8531b, L:/127.0.0.1:52194 - R:/127.0.0.1:52195] INBOUND HEADERS: streamId=25 headers=GrpcHttp2RequestHeaders[:path: /gauge.messages.Runner/StartSpecExecution, :authority: 127.0.0.1:52194, :method: POST, :scheme: http, te: trailers, content-type: application/grpc, user-agent: grpc-go/1.39.0] padding=0 endStream=false
21:33:47.920 [grpc-nio-worker-ELG-3-1] DEBUG i.g.n.s.i.g.netty.NettyServerHandler - [id: 0x00f8531b, L:/127.0.0.1:52194 - R:/127.0.0.1:52195] INBOUND DATA: streamId=25 padding=0 endStream=true length=169 bytes=00000000a40aa1010a470a0b48657073696275726164611238433a5c55736572735c627572616b5c4964656150726f6a656374735c484250726f6a6563745c73...
21:33:47.920 [grpc-nio-worker-ELG-3-1] DEBUG i.g.n.s.i.g.netty.NettyServerHandler - [id: 0x00f8531b, L:/127.0.0.1:52194 - R:/127.0.0.1:52195] OUTBOUND PING: ack=false bytes=1234
21:33:47.921 [grpc-nio-worker-ELG-3-1] DEBUG i.g.n.s.i.g.netty.NettyServerHandler - [id: 0x00f8531b, L:/127.0.0.1:52194 - R:/127.0.0.1:52195] OUTBOUND HEADERS: streamId=25 headers=GrpcHttp2OutboundHeaders[:status: 200, content-type: application/grpc, grpc-encoding: identity, grpc-accept-encoding: gzip] padding=0 endStream=false
21:33:47.922 [grpc-nio-worker-ELG-3-1] DEBUG i.g.n.s.i.g.netty.NettyServerHandler - [id: 0x00f8531b, L:/127.0.0.1:52194 - R:/127.0.0.1:52195] OUTBOUND DATA: streamId=25 padding=0 endStream=false length=7 bytes=00000000020a00
21:33:47.922 [grpc-nio-worker-ELG-3-1] DEBUG i.g.n.s.i.g.netty.NettyServerHandler - [id: 0x00f8531b, L:/127.0.0.1:52194 - R:/127.0.0.1:52195] OUTBOUND HEADERS: streamId=25 headers=GrpcHttp2OutboundHeaders[grpc-status: 0] padding=0 endStream=true
21:33:47.923 [grpc-nio-worker-ELG-3-1] DEBUG i.g.n.s.i.g.netty.NettyServerHandler - [id: 0x00f8531b, L:/127.0.0.1:52194 - R:/127.0.0.1:52195] INBOUND PING: ack=true bytes=1234
21:33:47.923 [grpc-nio-worker-ELG-3-1] DEBUG i.g.n.s.i.g.netty.NettyServerHandler - [id: 0x00f8531b, L:/127.0.0.1:52194 - R:/127.0.0.1:52195] INBOUND WINDOW_UPDATE: streamId=0 windowSizeIncrement=7
21:33:47.923 [grpc-nio-worker-ELG-3-1] DEBUG i.g.n.s.i.g.netty.NettyServerHandler - [id: 0x00f8531b, L:/127.0.0.1:52194 - R:/127.0.0.1:52195] INBOUND PING: ack=false bytes=145258749040133895
21:33:47.923 [grpc-nio-worker-ELG-3-1] DEBUG i.g.n.s.i.g.netty.NettyServerHandler - [id: 0x00f8531b, L:/127.0.0.1:52194 - R:/127.0.0.1:52195] OUTBOUND PING: ack=true bytes=145258749040133895
21:33:47.924 [grpc-nio-worker-ELG-3-1] DEBUG i.g.n.s.i.g.netty.NettyServerHandler - [id: 0x00f8531b, L:/127.0.0.1:52194 - R:/127.0.0.1:52195] INBOUND HEADERS: streamId=27 headers=GrpcHttp2RequestHeaders[:path: /gauge.messages.Runner/InitializeScenarioDataStore, :authority: 127.0.0.1:52194, :method: POST, :scheme: http, te: trailers, content-type: application/grpc, user-agent: grpc-go/1.39.0] padding=0 endStream=false
21:33:47.925 [grpc-nio-worker-ELG-3-1] DEBUG i.g.n.s.i.g.netty.NettyServerHandler - [id: 0x00f8531b, L:/127.0.0.1:52194 - R:/127.0.0.1:52195] INBOUND DATA: streamId=27 padding=0 endStream=true length=5 bytes=0000000000
21:33:47.925 [grpc-nio-worker-ELG-3-1] DEBUG i.g.n.s.i.g.netty.NettyServerHandler - [id: 0x00f8531b, L:/127.0.0.1:52194 - R:/127.0.0.1:52195] OUTBOUND PING: ack=false bytes=1234
21:33:47.926 [grpc-nio-worker-ELG-3-1] DEBUG i.g.n.s.i.g.netty.NettyServerHandler - [id: 0x00f8531b, L:/127.0.0.1:52194 - R:/127.0.0.1:52195] INBOUND PING: ack=true bytes=1234
21:33:47.928 [grpc-nio-worker-ELG-3-1] DEBUG i.g.n.s.i.g.netty.NettyServerHandler - [id: 0x00f8531b, L:/127.0.0.1:52194 - R:/127.0.0.1:52195] OUTBOUND HEADERS: streamId=27 headers=GrpcHttp2OutboundHeaders[:status: 200, content-type: application/grpc, grpc-encoding: identity, grpc-accept-encoding: gzip] padding=0 endStream=false
21:33:47.928 [grpc-nio-worker-ELG-3-1] DEBUG i.g.n.s.i.g.netty.NettyServerHandler - [id: 0x00f8531b, L:/127.0.0.1:52194 - R:/127.0.0.1:52195] OUTBOUND DATA: streamId=27 padding=0 endStream=false length=7 bytes=00000000020a00
21:33:47.929 [grpc-nio-worker-ELG-3-1] DEBUG i.g.n.s.i.g.netty.NettyServerHandler - [id: 0x00f8531b, L:/127.0.0.1:52194 - R:/127.0.0.1:52195] OUTBOUND HEADERS: streamId=27 headers=GrpcHttp2OutboundHeaders[grpc-status: 0] padding=0 endStream=true
21:33:47.930 [grpc-nio-worker-ELG-3-1] DEBUG i.g.n.s.i.g.netty.NettyServerHandler - [id: 0x00f8531b, L:/127.0.0.1:52194 - R:/127.0.0.1:52195] INBOUND WINDOW_UPDATE: streamId=0 windowSizeIncrement=7
21:33:47.931 [grpc-nio-worker-ELG-3-1] DEBUG i.g.n.s.i.g.netty.NettyServerHandler - [id: 0x00f8531b, L:/127.0.0.1:52194 - R:/127.0.0.1:52195] INBOUND PING: ack=false bytes=145258749040133895
21:33:47.931 [grpc-nio-worker-ELG-3-1] DEBUG i.g.n.s.i.g.netty.NettyServerHandler - [id: 0x00f8531b, L:/127.0.0.1:52194 - R:/127.0.0.1:52195] OUTBOUND PING: ack=true bytes=145258749040133895
21:33:47.932 [grpc-nio-worker-ELG-3-1] DEBUG i.g.n.s.i.g.netty.NettyServerHandler - [id: 0x00f8531b, L:/127.0.0.1:52194 - R:/127.0.0.1:52195] INBOUND HEADERS: streamId=29 headers=GrpcHttp2RequestHeaders[:path: /gauge.messages.Runner/StartScenarioExecution, :authority: 127.0.0.1:52194, :method: POST, :scheme: http, te: trailers, content-type: application/grpc, user-agent: grpc-go/1.39.0] padding=0 endStream=false
21:33:47.932 [grpc-nio-worker-ELG-3-1] DEBUG i.g.n.s.i.g.netty.NettyServerHandler - [id: 0x00f8531b, L:/127.0.0.1:52194 - R:/127.0.0.1:52195] INBOUND DATA: streamId=29 padding=0 endStream=true length=192 bytes=00000000bb0ab8010a470a0b48657073696275726164611238433a5c55736572735c627572616b5c4964656150726f6a656374735c484250726f6a6563745c73...
21:33:47.932 [grpc-nio-worker-ELG-3-1] DEBUG i.g.n.s.i.g.netty.NettyServerHandler - [id: 0x00f8531b, L:/127.0.0.1:52194 - R:/127.0.0.1:52195] OUTBOUND PING: ack=false bytes=1234
21:33:47.933 [grpc-nio-worker-ELG-3-1] DEBUG i.g.n.s.i.g.netty.NettyServerHandler - [id: 0x00f8531b, L:/127.0.0.1:52194 - R:/127.0.0.1:52195] OUTBOUND HEADERS: streamId=29 headers=GrpcHttp2OutboundHeaders[:status: 200, content-type: application/grpc, grpc-encoding: identity, grpc-accept-encoding: gzip] padding=0 endStream=false
21:33:47.934 [grpc-nio-worker-ELG-3-1] DEBUG i.g.n.s.i.g.netty.NettyServerHandler - [id: 0x00f8531b, L:/127.0.0.1:52194 - R:/127.0.0.1:52195] OUTBOUND DATA: streamId=29 padding=0 endStream=false length=7 bytes=00000000020a00
21:33:47.935 [grpc-nio-worker-ELG-3-1] DEBUG i.g.n.s.i.g.netty.NettyServerHandler - [id: 0x00f8531b, L:/127.0.0.1:52194 - R:/127.0.0.1:52195] OUTBOUND HEADERS: streamId=29 headers=GrpcHttp2OutboundHeaders[grpc-status: 0] padding=0 endStream=true
21:33:47.936 [grpc-nio-worker-ELG-3-1] DEBUG i.g.n.s.i.g.netty.NettyServerHandler - [id: 0x00f8531b, L:/127.0.0.1:52194 - R:/127.0.0.1:52195] INBOUND PING: ack=true bytes=1234
21:33:47.937 [grpc-nio-worker-ELG-3-1] DEBUG i.g.n.s.i.g.netty.NettyServerHandler - [id: 0x00f8531b, L:/127.0.0.1:52194 - R:/127.0.0.1:52195] INBOUND WINDOW_UPDATE: streamId=0 windowSizeIncrement=7
21:33:47.937 [grpc-nio-worker-ELG-3-1] DEBUG i.g.n.s.i.g.netty.NettyServerHandler - [id: 0x00f8531b, L:/127.0.0.1:52194 - R:/127.0.0.1:52195] INBOUND PING: ack=false bytes=145258749040133895
21:33:47.937 [grpc-nio-worker-ELG-3-1] DEBUG i.g.n.s.i.g.netty.NettyServerHandler - [id: 0x00f8531b, L:/127.0.0.1:52194 - R:/127.0.0.1:52195] OUTBOUND PING: ack=true bytes=145258749040133895
21:33:47.938 [grpc-nio-worker-ELG-3-1] DEBUG i.g.n.s.i.g.netty.NettyServerHandler - [id: 0x00f8531b, L:/127.0.0.1:52194 - R:/127.0.0.1:52195] INBOUND HEADERS: streamId=31 headers=GrpcHttp2RequestHeaders[:path: /gauge.messages.Runner/StartStepExecution, :authority: 127.0.0.1:52194, :method: POST, :scheme: http, te: trailers, content-type: application/grpc, user-agent: grpc-go/1.39.0] padding=0 endStream=false
21:33:47.939 [grpc-nio-worker-ELG-3-1] DEBUG i.g.n.s.i.g.netty.NettyServerHandler - [id: 0x00f8531b, L:/127.0.0.1:52194 - R:/127.0.0.1:52195] INBOUND DATA: streamId=31 padding=0 endStream=true length=266 bytes=00000001050a82020a470a0b48657073696275726164611238433a5c55736572735c627572616b5c4964656150726f6a656374735c484250726f6a6563745c73...
21:33:47.939 [grpc-nio-worker-ELG-3-1] DEBUG i.g.n.s.i.g.netty.NettyServerHandler - [id: 0x00f8531b, L:/127.0.0.1:52194 - R:/127.0.0.1:52195] OUTBOUND PING: ack=false bytes=1234
21:33:47.941 [grpc-nio-worker-ELG-3-1] DEBUG i.g.n.s.i.g.netty.NettyServerHandler - [id: 0x00f8531b, L:/127.0.0.1:52194 - R:/127.0.0.1:52195] OUTBOUND HEADERS: streamId=31 headers=GrpcHttp2OutboundHeaders[:status: 200, content-type: application/grpc, grpc-encoding: identity, grpc-accept-encoding: gzip] padding=0 endStream=false
21:33:47.942 [grpc-nio-worker-ELG-3-1] DEBUG i.g.n.s.i.g.netty.NettyServerHandler - [id: 0x00f8531b, L:/127.0.0.1:52194 - R:/127.0.0.1:52195] OUTBOUND DATA: streamId=31 padding=0 endStream=false length=7 bytes=00000000020a00
21:33:47.942 [grpc-nio-worker-ELG-3-1] DEBUG i.g.n.s.i.g.netty.NettyServerHandler - [id: 0x00f8531b, L:/127.0.0.1:52194 - R:/127.0.0.1:52195] OUTBOUND HEADERS: streamId=31 headers=GrpcHttp2OutboundHeaders[grpc-status: 0] padding=0 endStream=true
21:33:47.944 [grpc-nio-worker-ELG-3-1] DEBUG i.g.n.s.i.g.netty.NettyServerHandler - [id: 0x00f8531b, L:/127.0.0.1:52194 - R:/127.0.0.1:52195] INBOUND PING: ack=true bytes=1234
21:33:47.944 [grpc-nio-worker-ELG-3-1] DEBUG i.g.n.s.i.g.netty.NettyServerHandler - [id: 0x00f8531b, L:/127.0.0.1:52194 - R:/127.0.0.1:52195] INBOUND WINDOW_UPDATE: streamId=0 windowSizeIncrement=7
21:33:47.944 [grpc-nio-worker-ELG-3-1] DEBUG i.g.n.s.i.g.netty.NettyServerHandler - [id: 0x00f8531b, L:/127.0.0.1:52194 - R:/127.0.0.1:52195] INBOUND PING: ack=false bytes=145258749040133895
21:33:47.944 [grpc-nio-worker-ELG-3-1] DEBUG i.g.n.s.i.g.netty.NettyServerHandler - [id: 0x00f8531b, L:/127.0.0.1:52194 - R:/127.0.0.1:52195] OUTBOUND PING: ack=true bytes=145258749040133895
21:33:47.945 [grpc-nio-worker-ELG-3-1] DEBUG i.g.n.s.i.g.netty.NettyServerHandler - [id: 0x00f8531b, L:/127.0.0.1:52194 - R:/127.0.0.1:52195] INBOUND HEADERS: streamId=33 headers=GrpcHttp2RequestHeaders[:path: /gauge.messages.Runner/ExecuteStep, :authority: 127.0.0.1:52194, :method: POST, :scheme: http, te: trailers, content-type: application/grpc, user-agent: grpc-go/1.39.0] padding=0 endStream=false
21:33:47.946 [grpc-nio-worker-ELG-3-1] DEBUG i.g.n.s.i.g.netty.NettyServerHandler - [id: 0x00f8531b, L:/127.0.0.1:52194 - R:/127.0.0.1:52195] INBOUND DATA: streamId=33 padding=0 endStream=true length=75 bytes=00000000460a2154657374206261736c69796f722c4368726f6d652063616c6973746972696c6469122154657374206261736c69796f722c4368726f6d652063...
21:33:47.946 [grpc-nio-worker-ELG-3-1] DEBUG i.g.n.s.i.g.netty.NettyServerHandler - [id: 0x00f8531b, L:/127.0.0.1:52194 - R:/127.0.0.1:52195] OUTBOUND PING: ack=false bytes=1234
{"logLevel":"debug","message":"Executing 'Test basliyor,Chrome calistirildi' using 'class com.hepsiburada.pages.selenium.hepsiburada.HepsiBurada.startTest"}
21:33:47.948 [grpc-nio-worker-ELG-3-1] DEBUG i.g.n.s.i.g.netty.NettyServerHandler - [id: 0x00f8531b, L:/127.0.0.1:52194 - R:/127.0.0.1:52195] INBOUND PING: ack=true bytes=1234
C:\Users\burak\IdeaProjects\HBProject
Starting ChromeDriver 91.0.4472.101 (af52a90bf87030dd1523486a1cd3ae25c5d76c9b-refs/branch-heads/4472@{#1462}) on port 20653
Only local connections are allowed.
Please see https://chromedriver.chromium.org/security-considerations for suggestions on keeping ChromeDriver safe.
ChromeDriver was started successfully.
Tem 12, 2021 9:33:50 PM org.openqa.selenium.remote.ProtocolHandshake createSession
INFO: Detected dialect: W3C
21:33:50.246 [grpc-nio-worker-ELG-3-1] DEBUG i.g.n.s.i.g.netty.NettyServerHandler - [id: 0x00f8531b, L:/127.0.0.1:52194 - R:/127.0.0.1:52195] OUTBOUND HEADERS: streamId=33 headers=GrpcHttp2OutboundHeaders[:status: 200, content-type: application/grpc, grpc-encoding: identity, grpc-accept-encoding: gzip] padding=0 endStream=false
21:33:50.247 [grpc-nio-worker-ELG-3-1] DEBUG i.g.n.s.i.g.netty.NettyServerHandler - [id: 0x00f8531b, L:/127.0.0.1:52194 - R:/127.0.0.1:52195] OUTBOUND DATA: streamId=33 padding=0 endStream=false length=10 bytes=00000000050a0330f411
21:33:50.248 [grpc-nio-worker-ELG-3-1] DEBUG i.g.n.s.i.g.netty.NettyServerHandler - [id: 0x00f8531b, L:/127.0.0.1:52194 - R:/127.0.0.1:52195] OUTBOUND HEADERS: streamId=33 headers=GrpcHttp2OutboundHeaders[grpc-status: 0] padding=0 endStream=true
21:33:50.249 [grpc-nio-worker-ELG-3-1] DEBUG i.g.n.s.i.g.netty.NettyServerHandler - [id: 0x00f8531b, L:/127.0.0.1:52194 - R:/127.0.0.1:52195] INBOUND WINDOW_UPDATE: streamId=0 windowSizeIncrement=10
21:33:50.249 [grpc-nio-worker-ELG-3-1] DEBUG i.g.n.s.i.g.netty.NettyServerHandler - [id: 0x00f8531b, L:/127.0.0.1:52194 - R:/127.0.0.1:52195] INBOUND PING: ack=false bytes=145258749040133895
21:33:50.249 [grpc-nio-worker-ELG-3-1] DEBUG i.g.n.s.i.g.netty.NettyServerHandler - [id: 0x00f8531b, L:/127.0.0.1:52194 - R:/127.0.0.1:52195] OUTBOUND PING: ack=true bytes=145258749040133895
21:33:50.249 [grpc-nio-worker-ELG-3-1] DEBUG i.g.n.s.i.g.netty.NettyServerHandler - [id: 0x00f8531b, L:/127.0.0.1:52194 - R:/127.0.0.1:52195] INBOUND HEADERS: streamId=35 headers=GrpcHttp2RequestHeaders[:path: /gauge.messages.Runner/FinishStepExecution, :authority: 127.0.0.1:52194, :method: POST, :scheme: http, te: trailers, content-type: application/grpc, user-agent: grpc-go/1.39.0] padding=0 endStream=false
21:33:50.251 [grpc-nio-worker-ELG-3-1] DEBUG i.g.n.s.i.g.netty.NettyServerHandler - [id: 0x00f8531b, L:/127.0.0.1:52194 - R:/127.0.0.1:52195] INBOUND DATA: streamId=35 padding=0 endStream=true length=266 bytes=00000001050a82020a470a0b48657073696275726164611238433a5c55736572735c627572616b5c4964656150726f6a656374735c484250726f6a6563745c73...
21:33:50.251 [grpc-nio-worker-ELG-3-1] DEBUG i.g.n.s.i.g.netty.NettyServerHandler - [id: 0x00f8531b, L:/127.0.0.1:52194 - R:/127.0.0.1:52195] OUTBOUND PING: ack=false bytes=1234
21:33:50.255 [grpc-nio-worker-ELG-3-1] DEBUG i.g.n.s.i.g.netty.NettyServerHandler - [id: 0x00f8531b, L:/127.0.0.1:52194 - R:/127.0.0.1:52195] OUTBOUND HEADERS: streamId=35 headers=GrpcHttp2OutboundHeaders[:status: 200, content-type: application/grpc, grpc-encoding: identity, grpc-accept-encoding: gzip] padding=0 endStream=false
21:33:50.257 [grpc-nio-worker-ELG-3-1] DEBUG i.g.n.s.i.g.netty.NettyServerHandler - [id: 0x00f8531b, L:/127.0.0.1:52194 - R:/127.0.0.1:52195] OUTBOUND DATA: streamId=35 padding=0 endStream=false length=7 bytes=00000000020a00
21:33:50.258 [grpc-nio-worker-ELG-3-1] DEBUG i.g.n.s.i.g.netty.NettyServerHandler - [id: 0x00f8531b, L:/127.0.0.1:52194 - R:/127.0.0.1:52195] OUTBOUND HEADERS: streamId=35 headers=GrpcHttp2OutboundHeaders[grpc-status: 0] padding=0 endStream=true
21:33:50.259 [grpc-nio-worker-ELG-3-1] DEBUG i.g.n.s.i.g.netty.NettyServerHandler - [id: 0x00f8531b, L:/127.0.0.1:52194 - R:/127.0.0.1:52195] INBOUND PING: ack=true bytes=1234
21:33:50.259 [grpc-nio-worker-ELG-3-1] DEBUG i.g.n.s.i.g.netty.NettyServerHandler - [id: 0x00f8531b, L:/127.0.0.1:52194 - R:/127.0.0.1:52195] INBOUND WINDOW_UPDATE: streamId=0 windowSizeIncrement=7
21:33:50.260 [grpc-nio-worker-ELG-3-1] DEBUG i.g.n.s.i.g.netty.NettyServerHandler - [id: 0x00f8531b, L:/127.0.0.1:52194 - R:/127.0.0.1:52195] INBOUND PING: ack=false bytes=145258749040133895
21:33:50.260 [grpc-nio-worker-ELG-3-1] DEBUG i.g.n.s.i.g.netty.NettyServerHandler - [id: 0x00f8531b, L:/127.0.0.1:52194 - R:/127.0.0.1:52195] OUTBOUND PING: ack=true bytes=145258749040133895
21:33:50.262 [grpc-nio-worker-ELG-3-1] DEBUG i.g.n.s.i.g.netty.NettyServerHandler - [id: 0x00f8531b, L:/127.0.0.1:52194 - R:/127.0.0.1:52195] INBOUND HEADERS: streamId=37 headers=GrpcHttp2RequestHeaders[:path: /gauge.messages.Runner/StartStepExecution, :authority: 127.0.0.1:52194, :method: POST, :scheme: http, te: trailers, content-type: application/grpc, user-agent: grpc-go/1.39.0] padding=0 endStream=false
21:33:50.262 [grpc-nio-worker-ELG-3-1] DEBUG i.g.n.s.i.g.netty.NettyServerHandler - [id: 0x00f8531b, L:/127.0.0.1:52194 - R:/127.0.0.1:52195] INBOUND DATA: streamId=37 padding=0 endStream=true length=262 bytes=00000001010afe010a470a0b48657073696275726164611238433a5c55736572735c627572616b5c4964656150726f6a656374735c484250726f6a6563745c73...
21:33:50.262 [grpc-nio-worker-ELG-3-1] DEBUG i.g.n.s.i.g.netty.NettyServerHandler - [id: 0x00f8531b, L:/127.0.0.1:52194 - R:/127.0.0.1:52195] OUTBOUND PING: ack=false bytes=1234
21:33:50.264 [grpc-nio-worker-ELG-3-1] DEBUG i.g.n.s.i.g.netty.NettyServerHandler - [id: 0x00f8531b, L:/127.0.0.1:52194 - R:/127.0.0.1:52195] OUTBOUND HEADERS: streamId=37 headers=GrpcHttp2OutboundHeaders[:status: 200, content-type: application/grpc, grpc-encoding: identity, grpc-accept-encoding: gzip] padding=0 endStream=false
21:33:50.264 [grpc-nio-worker-ELG-3-1] DEBUG i.g.n.s.i.g.netty.NettyServerHandler - [id: 0x00f8531b, L:/127.0.0.1:52194 - R:/127.0.0.1:52195] OUTBOUND DATA: streamId=37 padding=0 endStream=false length=7 bytes=00000000020a00
21:33:50.264 [grpc-nio-worker-ELG-3-1] DEBUG i.g.n.s.i.g.netty.NettyServerHandler - [id: 0x00f8531b, L:/127.0.0.1:52194 - R:/127.0.0.1:52195] OUTBOUND HEADERS: streamId=37 headers=GrpcHttp2OutboundHeaders[grpc-status: 0] padding=0 endStream=true
21:33:50.266 [grpc-nio-worker-ELG-3-1] DEBUG i.g.n.s.i.g.netty.NettyServerHandler - [id: 0x00f8531b, L:/127.0.0.1:52194 - R:/127.0.0.1:52195] INBOUND PING: ack=true bytes=1234
21:33:50.266 [grpc-nio-worker-ELG-3-1] DEBUG i.g.n.s.i.g.netty.NettyServerHandler - [id: 0x00f8531b, L:/127.0.0.1:52194 - R:/127.0.0.1:52195] INBOUND WINDOW_UPDATE: streamId=0 windowSizeIncrement=7
21:33:50.266 [grpc-nio-worker-ELG-3-1] DEBUG i.g.n.s.i.g.netty.NettyServerHandler - [id: 0x00f8531b, L:/127.0.0.1:52194 - R:/127.0.0.1:52195] INBOUND PING: ack=false bytes=145258749040133895
21:33:50.266 [grpc-nio-worker-ELG-3-1] DEBUG i.g.n.s.i.g.netty.NettyServerHandler - [id: 0x00f8531b, L:/127.0.0.1:52194 - R:/127.0.0.1:52195] OUTBOUND PING: ack=true bytes=145258749040133895
21:33:50.268 [grpc-nio-worker-ELG-3-1] DEBUG i.g.n.s.i.g.netty.NettyServerHandler - [id: 0x00f8531b, L:/127.0.0.1:52194 - R:/127.0.0.1:52195] INBOUND HEADERS: streamId=39 headers=GrpcHttp2RequestHeaders[:path: /gauge.messages.Runner/ExecuteStep, :authority: 127.0.0.1:52194, :method: POST, :scheme: http, te: trailers, content-type: application/grpc, user-agent: grpc-go/1.39.0] padding=0 endStream=false
21:33:50.268 [grpc-nio-worker-ELG-3-1] DEBUG i.g.n.s.i.g.netty.NettyServerHandler - [id: 0x00f8531b, L:/127.0.0.1:52194 - R:/127.0.0.1:52195] INBOUND DATA: streamId=39 padding=0 endStream=true length=71 bytes=00000000420a1f416e617361796661206b6f6e74726f6c75207665206c6f67696e206f6c6d61121f416e617361796661206b6f6e74726f6c75207665206c6f67...
21:33:50.269 [grpc-nio-worker-ELG-3-1] DEBUG i.g.n.s.i.g.netty.NettyServerHandler - [id: 0x00f8531b, L:/127.0.0.1:52194 - R:/127.0.0.1:52195] OUTBOUND PING: ack=false bytes=1234
{"logLevel":"debug","message":"Executing 'Anasayfa kontrolu ve login olma' using 'class com.hepsiburada.pages.selenium.hepsiburada.PageHepsiBuradaLogin.login"}
21:33:50.270 [grpc-nio-worker-ELG-3-1] DEBUG i.g.n.s.i.g.netty.NettyServerHandler - [id: 0x00f8531b, L:/127.0.0.1:52194 - R:/127.0.0.1:52195] INBOUND PING: ack=true bytes=1234
21:33:55.383 [pool-2-thread-1] INFO  com.hepsiburada.utility.log - Web application launched
21:33:55.469 [pool-2-thread-1] INFO  com.hepsiburada.utility.log - Anasayfanın geldigi gorulur
